[DEBUG] 2023-03-21 12:47:54.381 [main] PackageRelationshipCollection - Parsing relationship: /xl/worksheets/_rels/sheet2.xml.rels
[DEBUG] 2023-03-21 12:47:54.390 [main] PackageRelationshipCollection - Parsing relationship: /_rels/.rels
[DEBUG] 2023-03-21 12:47:54.398 [main] POIXMLFactory - using default POIXMLDocumentPart for http://schemas.openxmlformats.org/officeDocument/2006/relationships/printerSettings
[DEBUG] 2023-03-21 12:47:54.411 [main] PackageRelationshipCollection - Parsing relationship: /xl/_rels/workbook.xml.rels
[DEBUG] 2023-03-21 12:47:54.412 [main] PackageRelationshipCollection - Parsing relationship: /xl/worksheets/_rels/sheet1.xml.rels
[DEBUG] 2023-03-21 12:47:54.413 [main] PackageRelationshipCollection - Parsing relationship: /xl/worksheets/_rels/sheet2.xml.rels
[DEBUG] 2023-03-21 12:47:54.418 [main] PackageRelationshipCollection - Parsing relationship: /_rels/.rels
[DEBUG] 2023-03-21 12:47:54.424 [main] POIXMLFactory - using default POIXMLDocumentPart for http://schemas.openxmlformats.org/officeDocument/2006/relationships/printerSettings
[DEBUG] 2023-03-21 12:47:54.436 [main] PackageRelationshipCollection - Parsing relationship: /xl/_rels/workbook.xml.rels
[DEBUG] 2023-03-21 12:47:54.437 [main] PackageRelationshipCollection - Parsing relationship: /xl/worksheets/_rels/sheet1.xml.rels
[DEBUG] 2023-03-21 12:47:54.438 [main] PackageRelationshipCollection - Parsing relationship: /xl/worksheets/_rels/sheet2.xml.rels
[DEBUG] 2023-03-21 12:47:54.440 [main] PackageRelationshipCollection - Parsing relationship: /_rels/.rels
[DEBUG] 2023-03-21 12:47:54.447 [main] POIXMLFactory - using default POIXMLDocumentPart for http://schemas.openxmlformats.org/officeDocument/2006/relationships/printerSettings
[DEBUG] 2023-03-21 12:47:54.460 [main] PackageRelationshipCollection - Parsing relationship: /xl/_rels/workbook.xml.rels
[DEBUG] 2023-03-21 12:47:54.461 [main] PackageRelationshipCollection - Parsing relationship: /xl/worksheets/_rels/sheet1.xml.rels
[DEBUG] 2023-03-21 12:47:54.462 [main] PackageRelationshipCollection - Parsing relationship: /xl/worksheets/_rels/sheet2.xml.rels
[DEBUG] 2023-03-21 12:47:54.463 [main] PackageRelationshipCollection - Parsing relationship: /_rels/.rels
[DEBUG] 2023-03-21 12:47:54.469 [main] POIXMLFactory - using default POIXMLDocumentPart for http://schemas.openxmlformats.org/officeDocument/2006/relationships/printerSettings
[DEBUG] 2023-03-21 12:47:54.480 [main] PackageRelationshipCollection - Parsing relationship: /xl/_rels/workbook.xml.rels
[DEBUG] 2023-03-21 12:47:54.482 [main] PackageRelationshipCollection - Parsing relationship: /xl/worksheets/_rels/sheet1.xml.rels
[DEBUG] 2023-03-21 12:47:54.483 [main] PackageRelationshipCollection - Parsing relationship: /xl/worksheets/_rels/sheet2.xml.rels
[DEBUG] 2023-03-21 12:47:54.485 [main] PackageRelationshipCollection - Parsing relationship: /_rels/.rels
[DEBUG] 2023-03-21 12:47:54.491 [main] POIXMLFactory - using default POIXMLDocumentPart for http://schemas.openxmlformats.org/officeDocument/2006/relationships/printerSettings
[DEBUG] 2023-03-21 12:47:59.640 [main] PackageRelationshipCollection - Parsing relationship: /xl/_rels/workbook.xml.rels
[DEBUG] 2023-03-21 12:47:59.641 [main] PackageRelationshipCollection - Parsing relationship: /xl/worksheets/_rels/sheet1.xml.rels
[DEBUG] 2023-03-21 12:47:59.643 [main] PackageRelationshipCollection - Parsing relationship: /xl/worksheets/_rels/sheet2.xml.rels
[DEBUG] 2023-03-21 12:47:59.644 [main] PackageRelationshipCollection - Parsing relationship: /_rels/.rels
[DEBUG] 2023-03-21 12:47:59.651 [main] POIXMLFactory - using default POIXMLDocumentPart for http://schemas.openxmlformats.org/officeDocument/2006/relationships/printerSettings
[DEBUG] 2023-03-21 12:47:59.661 [main] PackageRelationshipCollection - Parsing relationship: /xl/_rels/workbook.xml.rels
[DEBUG] 2023-03-21 12:47:59.662 [main] PackageRelationshipCollection - Parsing relationship: /xl/worksheets/_rels/sheet1.xml.rels
[DEBUG] 2023-03-21 12:47:59.663 [main] PackageRelationshipCollection - Parsing relationship: /xl/worksheets/_rels/sheet2.xml.rels
[DEBUG] 2023-03-21 12:47:59.664 [main] PackageRelationshipCollection - Parsing relationship: /_rels/.rels
[DEBUG] 2023-03-21 12:47:59.669 [main] POIXMLFactory - using default POIXMLDocumentPart for http://schemas.openxmlformats.org/officeDocument/2006/relationships/printerSettings
[DEBUG] 2023-03-21 12:47:59.679 [main] PackageRelationshipCollection - Parsing relationship: /xl/_rels/workbook.xml.rels
[DEBUG] 2023-03-21 12:47:59.680 [main] PackageRelationshipCollection - Parsing relationship: /xl/worksheets/_rels/sheet1.xml.rels
[DEBUG] 2023-03-21 12:47:59.681 [main] PackageRelationshipCollection - Parsing relationship: /xl/worksheets/_rels/sheet2.xml.rels
[DEBUG] 2023-03-21 12:47:59.682 [main] PackageRelationshipCollection - Parsing relationship: /_rels/.rels
[DEBUG] 2023-03-21 12:47:59.688 [main] POIXMLFactory - using default POIXMLDocumentPart for http://schemas.openxmlformats.org/officeDocument/2006/relationships/printerSettings
[DEBUG] 2023-03-21 12:47:59.697 [main] PackageRelationshipCollection - Parsing relationship: /xl/_rels/workbook.xml.rels
[DEBUG] 2023-03-21 12:47:59.698 [main] PackageRelationshipCollection - Parsing relationship: /xl/worksheets/_rels/sheet1.xml.rels
[DEBUG] 2023-03-21 12:47:59.698 [main] PackageRelationshipCollection - Parsing relationship: /xl/worksheets/_rels/sheet2.xml.rels
[DEBUG] 2023-03-21 12:47:59.699 [main] PackageRelationshipCollection - Parsing relationship: /_rels/.rels
[DEBUG] 2023-03-21 12:47:59.705 [main] POIXMLFactory - using default POIXMLDocumentPart for http://schemas.openxmlformats.org/officeDocument/2006/relationships/printerSettings
[INFO ] 2023-03-21 12:48:03.355 [main] UserTests - ********** creating user **************
[INFO ] 2023-03-21 12:48:04.581 [main] UserTests - ********** user is created **************
[INFO ] 2023-03-21 12:48:04.583 [main] UserTests - ********** Reading user info **************
[INFO ] 2023-03-21 12:48:05.700 [main] UserTests - ********** user info is displayed **************
[INFO ] 2023-03-21 12:48:05.704 [main] UserTests - ********** cupdating the user **************
[INFO ] 2023-03-21 12:48:08.020 [main] UserTests - ********** user is updated **************
[INFO ] 2023-03-21 12:48:08.023 [main] UserTests - ********** deleting user **************
[INFO ] 2023-03-21 12:48:09.155 [main] UserTests - **********user deleted **************
[INFO ] 2023-03-21 12:48:09.198 [main] UserTests2 - ********** creating user **************
[INFO ] 2023-03-21 12:48:10.345 [main] UserTests2 - ********** user is created **************
[INFO ] 2023-03-21 12:48:10.347 [main] UserTests2 - ********** Reading user info **************
[INFO ] 2023-03-21 12:48:11.584 [main] UserTests2 - ********** user info is displayed **************
[INFO ] 2023-03-21 12:48:11.587 [main] UserTests2 - ********** cupdating the user **************
[INFO ] 2023-03-21 12:48:14.042 [main] UserTests2 - ********** user is updated **************
[INFO ] 2023-03-21 12:48:14.046 [main] UserTests2 - ********** deleting user **************
[INFO ] 2023-03-21 12:48:15.200 [main] UserTests2 - **********user deleted **************
[DEBUG] 2023-03-21 12:48:27.861 [main] PackageRelationshipCollection - Parsing relationship: /xl/_rels/workbook.xml.rels
[DEBUG] 2023-03-21 12:48:27.866 [main] PackageRelationshipCollection - Parsing relationship: /xl/worksheets/_rels/sheet1.xml.rels
[DEBUG] 2023-03-21 12:48:27.868 [main] PackageRelationshipCollection - Parsing relationship: /xl/worksheets/_rels/sheet2.xml.rels
[DEBUG] 2023-03-21 12:48:27.869 [main] PackageRelationshipCollection - Parsing relationship: /_rels/.rels
[DEBUG] 2023-03-21 12:48:28.210 [main] POIXMLFactory - using default POIXMLDocumentPart for http://schemas.openxmlformats.org/officeDocument/2006/relationships/printerSettings
[DEBUG] 2023-03-21 12:48:28.300 [main] PackageRelationshipCollection - Parsing relationship: /xl/_rels/workbook.xml.rels
[DEBUG] 2023-03-21 12:48:28.301 [main] PackageRelationshipCollection - Parsing relationship: /xl/worksheets/_rels/sheet1.xml.rels
[DEBUG] 2023-03-21 12:48:28.303 [main] PackageRelationshipCollection - Parsing relationship: /xl/worksheets/_rels/sheet2.xml.rels
[DEBUG] 2023-03-21 12:48:28.304 [main] PackageRelationshipCollection - Parsing relationship: /_rels/.rels
[DEBUG] 2023-03-21 12:48:28.321 [main] POIXMLFactory - using default POIXMLDocumentPart for http://schemas.openxmlformats.org/officeDocument/2006/relationships/printerSettings
[DEBUG] 2023-03-21 12:48:28.343 [main] PackageRelationshipCollection - Parsing relationship: /xl/_rels/workbook.xml.rels
[DEBUG] 2023-03-21 12:48:28.344 [main] PackageRelationshipCollection - Parsing relationship: /xl/worksheets/_rels/sheet1.xml.rels
[DEBUG] 2023-03-21 12:48:28.346 [main] PackageRelationshipCollection - Parsing relationship: /xl/worksheets/_rels/sheet2.xml.rels
[DEBUG] 2023-03-21 12:48:28.347 [main] PackageRelationshipCollection - Parsing relationship: /_rels/.rels
[DEBUG] 2023-03-21 12:48:28.362 [main] POIXMLFactory - using default POIXMLDocumentPart for http://schemas.openxmlformats.org/officeDocument/2006/relationships/printerSettings
[DEBUG] 2023-03-21 12:48:28.402 [main] PackageRelationshipCollection - Parsing relationship: /xl/_rels/workbook.xml.rels
[DEBUG] 2023-03-21 12:48:28.403 [main] PackageRelationshipCollection - Parsing relationship: /xl/worksheets/_rels/sheet1.xml.rels
[DEBUG] 2023-03-21 12:48:28.405 [main] PackageRelationshipCollection - Parsing relationship: /xl/worksheets/_rels/sheet2.xml.rels
[DEBUG] 2023-03-21 12:48:28.406 [main] PackageRelationshipCollection - Parsing relationship: /_rels/.rels
[DEBUG] 2023-03-21 12:48:28.417 [main] POIXMLFactory - using default POIXMLDocumentPart for http://schemas.openxmlformats.org/officeDocument/2006/relationships/printerSettings
[DEBUG] 2023-03-21 12:48:28.441 [main] PackageRelationshipCollection - Parsing relationship: /xl/_rels/workbook.xml.rels
[DEBUG] 2023-03-21 12:48:28.443 [main] PackageRelationshipCollection - Parsing relationship: /xl/worksheets/_rels/sheet1.xml.rels
[DEBUG] 2023-03-21 12:48:28.444 [main] PackageRelationshipCollection - Parsing relationship: /xl/worksheets/_rels/sheet2.xml.rels
[DEBUG] 2023-03-21 12:48:28.446 [main] PackageRelationshipCollection - Parsing relationship: /_rels/.rels
[DEBUG] 2023-03-21 12:48:28.461 [main] POIXMLFactory - using default POIXMLDocumentPart for http://schemas.openxmlformats.org/officeDocument/2006/relationships/printerSettings
[DEBUG] 2023-03-21 12:48:28.481 [main] PackageRelationshipCollection - Parsing relationship: /xl/_rels/workbook.xml.rels
[DEBUG] 2023-03-21 12:48:28.482 [main] PackageRelationshipCollection - Parsing relationship: /xl/worksheets/_rels/sheet1.xml.rels
[DEBUG] 2023-03-21 12:48:28.484 [main] PackageRelationshipCollection - Parsing relationship: /xl/worksheets/_rels/sheet2.xml.rels
[DEBUG] 2023-03-21 12:48:28.485 [main] PackageRelationshipCollection - Parsing relationship: /_rels/.rels
[DEBUG] 2023-03-21 12:48:28.500 [main] POIXMLFactory - using default POIXMLDocumentPart for http://schemas.openxmlformats.org/officeDocument/2006/relationships/printerSettings
[DEBUG] 2023-03-21 12:48:28.522 [main] PackageRelationshipCollection - Parsing relationship: /xl/_rels/workbook.xml.rels
[DEBUG] 2023-03-21 12:48:28.524 [main] PackageRelationshipCollection - Parsing relationship: /xl/worksheets/_rels/sheet1.xml.rels
[DEBUG] 2023-03-21 12:48:28.526 [main] PackageRelationshipCollection - Parsing relationship: /xl/worksheets/_rels/sheet2.xml.rels
[DEBUG] 2023-03-21 12:48:28.528 [main] PackageRelationshipCollection - Parsing relationship: /_rels/.rels
[DEBUG] 2023-03-21 12:48:28.543 [main] POIXMLFactory - using default POIXMLDocumentPart for http://schemas.openxmlformats.org/officeDocument/2006/relationships/printerSettings
[DEBUG] 2023-03-21 12:48:28.565 [main] PackageRelationshipCollection - Parsing relationship: /xl/_rels/workbook.xml.rels
[DEBUG] 2023-03-21 12:48:28.566 [main] PackageRelationshipCollection - Parsing relationship: /xl/worksheets/_rels/sheet1.xml.rels
[DEBUG] 2023-03-21 12:48:28.567 [main] PackageRelationshipCollection - Parsing relationship: /xl/worksheets/_rels/sheet2.xml.rels
[DEBUG] 2023-03-21 12:48:28.568 [main] PackageRelationshipCollection - Parsing relationship: /_rels/.rels
[DEBUG] 2023-03-21 12:48:28.578 [main] POIXMLFactory - using default POIXMLDocumentPart for http://schemas.openxmlformats.org/officeDocument/2006/relationships/printerSettings
[DEBUG] 2023-03-21 12:48:28.604 [main] PackageRelationshipCollection - Parsing relationship: /xl/_rels/workbook.xml.rels
[DEBUG] 2023-03-21 12:48:28.606 [main] PackageRelationshipCollection - Parsing relationship: /xl/worksheets/_rels/sheet1.xml.rels
[DEBUG] 2023-03-21 12:48:28.608 [main] PackageRelationshipCollection - Parsing relationship: /xl/worksheets/_rels/sheet2.xml.rels
[DEBUG] 2023-03-21 12:48:28.609 [main] PackageRelationshipCollection - Parsing relationship: /_rels/.rels
[DEBUG] 2023-03-21 12:48:28.625 [main] POIXMLFactory - using default POIXMLDocumentPart for http://schemas.openxmlformats.org/officeDocument/2006/relationships/printerSettings
[DEBUG] 2023-03-21 12:48:28.640 [main] PackageRelationshipCollection - Parsing relationship: /xl/_rels/workbook.xml.rels
[DEBUG] 2023-03-21 12:48:28.641 [main] PackageRelationshipCollection - Parsing relationship: /xl/worksheets/_rels/sheet1.xml.rels
[DEBUG] 2023-03-21 12:48:28.642 [main] PackageRelationshipCollection - Parsing relationship: /xl/worksheets/_rels/sheet2.xml.rels
[DEBUG] 2023-03-21 12:48:28.643 [main] PackageRelationshipCollection - Parsing relationship: /_rels/.rels
[DEBUG] 2023-03-21 12:48:28.652 [main] POIXMLFactory - using default POIXMLDocumentPart for http://schemas.openxmlformats.org/officeDocument/2006/relationships/printerSettings
[DEBUG] 2023-03-21 12:48:28.668 [main] PackageRelationshipCollection - Parsing relationship: /xl/_rels/workbook.xml.rels
[DEBUG] 2023-03-21 12:48:28.668 [main] PackageRelationshipCollection - Parsing relationship: /xl/worksheets/_rels/sheet1.xml.rels
[DEBUG] 2023-03-21 12:48:28.669 [main] PackageRelationshipCollection - Parsing relationship: /xl/worksheets/_rels/sheet2.xml.rels
[DEBUG] 2023-03-21 12:48:28.671 [main] PackageRelationshipCollection - Parsing relationship: /_rels/.rels
[DEBUG] 2023-03-21 12:48:28.679 [main] POIXMLFactory - using default POIXMLDocumentPart for http://schemas.openxmlformats.org/officeDocument/2006/relationships/printerSettings
[DEBUG] 2023-03-21 12:48:28.694 [main] PackageRelationshipCollection - Parsing relationship: /xl/_rels/workbook.xml.rels
[DEBUG] 2023-03-21 12:48:28.695 [main] PackageRelationshipCollection - Parsing relationship: /xl/worksheets/_rels/sheet1.xml.rels
[DEBUG] 2023-03-21 12:48:28.696 [main] PackageRelationshipCollection - Parsing relationship: /xl/worksheets/_rels/sheet2.xml.rels
[DEBUG] 2023-03-21 12:48:28.697 [main] PackageRelationshipCollection - Parsing relationship: /_rels/.rels
[DEBUG] 2023-03-21 12:48:28.705 [main] POIXMLFactory - using default POIXMLDocumentPart for http://schemas.openxmlformats.org/officeDocument/2006/relationships/printerSettings
[DEBUG] 2023-03-21 12:48:28.719 [main] PackageRelationshipCollection - Parsing relationship: /xl/_rels/workbook.xml.rels
[DEBUG] 2023-03-21 12:48:28.720 [main] PackageRelationshipCollection - Parsing relationship: /xl/worksheets/_rels/sheet1.xml.rels
[DEBUG] 2023-03-21 12:48:28.722 [main] PackageRelationshipCollection - Parsing relationship: /xl/worksheets/_rels/sheet2.xml.rels
[DEBUG] 2023-03-21 12:48:28.723 [main] PackageRelationshipCollection - Parsing relationship: /_rels/.rels
[DEBUG] 2023-03-21 12:48:28.733 [main] POIXMLFactory - using default POIXMLDocumentPart for http://schemas.openxmlformats.org/officeDocument/2006/relationships/printerSettings
[DEBUG] 2023-03-21 12:48:28.745 [main] PackageRelationshipCollection - Parsing relationship: /xl/_rels/workbook.xml.rels
[DEBUG] 2023-03-21 12:48:28.746 [main] PackageRelationshipCollection - Parsing relationship: /xl/worksheets/_rels/sheet1.xml.rels
[DEBUG] 2023-03-21 12:48:28.747 [main] PackageRelationshipCollection - Parsing relationship: /xl/worksheets/_rels/sheet2.xml.rels
[DEBUG] 2023-03-21 12:48:28.748 [main] PackageRelationshipCollection - Parsing relationship: /_rels/.rels
[DEBUG] 2023-03-21 12:48:28.756 [main] POIXMLFactory - using default POIXMLDocumentPart for http://schemas.openxmlformats.org/officeDocument/2006/relationships/printerSettings
[DEBUG] 2023-03-21 12:48:28.770 [main] PackageRelationshipCollection - Parsing relationship: /xl/_rels/workbook.xml.rels
[DEBUG] 2023-03-21 12:48:28.770 [main] PackageRelationshipCollection - Parsing relationship: /xl/worksheets/_rels/sheet1.xml.rels
[DEBUG] 2023-03-21 12:48:28.771 [main] PackageRelationshipCollection - Parsing relationship: /xl/worksheets/_rels/sheet2.xml.rels
[DEBUG] 2023-03-21 12:48:28.772 [main] PackageRelationshipCollection - Parsing relationship: /_rels/.rels
[DEBUG] 2023-03-21 12:48:28.782 [main] POIXMLFactory - using default POIXMLDocumentPart for http://schemas.openxmlformats.org/officeDocument/2006/relationships/printerSettings
[DEBUG] 2023-03-21 12:48:28.795 [main] PackageRelationshipCollection - Parsing relationship: /xl/_rels/workbook.xml.rels
[DEBUG] 2023-03-21 12:48:28.795 [main] PackageRelationshipCollection - Parsing relationship: /xl/worksheets/_rels/sheet1.xml.rels
[DEBUG] 2023-03-21 12:48:28.796 [main] PackageRelationshipCollection - Parsing relationship: /xl/worksheets/_rels/sheet2.xml.rels
[DEBUG] 2023-03-21 12:48:28.798 [main] PackageRelationshipCollection - Parsing relationship: /_rels/.rels
[DEBUG] 2023-03-21 12:48:28.809 [main] POIXMLFactory - using default POIXMLDocumentPart for http://schemas.openxmlformats.org/officeDocument/2006/relationships/printerSettings
[DEBUG] 2023-03-21 12:48:28.824 [main] PackageRelationshipCollection - Parsing relationship: /xl/_rels/workbook.xml.rels
[DEBUG] 2023-03-21 12:48:28.825 [main] PackageRelationshipCollection - Parsing relationship: /xl/worksheets/_rels/sheet1.xml.rels
[DEBUG] 2023-03-21 12:48:28.826 [main] PackageRelationshipCollection - Parsing relationship: /xl/worksheets/_rels/sheet2.xml.rels
[DEBUG] 2023-03-21 12:48:28.827 [main] PackageRelationshipCollection - Parsing relationship: /_rels/.rels
[DEBUG] 2023-03-21 12:48:28.835 [main] POIXMLFactory - using default POIXMLDocumentPart for http://schemas.openxmlformats.org/officeDocument/2006/relationships/printerSettings
[DEBUG] 2023-03-21 12:48:28.849 [main] PackageRelationshipCollection - Parsing relationship: /xl/_rels/workbook.xml.rels
[DEBUG] 2023-03-21 12:48:28.850 [main] PackageRelationshipCollection - Parsing relationship: /xl/worksheets/_rels/sheet1.xml.rels
[DEBUG] 2023-03-21 12:48:28.851 [main] PackageRelationshipCollection - Parsing relationship: /xl/worksheets/_rels/sheet2.xml.rels
[DEBUG] 2023-03-21 12:48:28.852 [main] PackageRelationshipCollection - Parsing relationship: /_rels/.rels
[DEBUG] 2023-03-21 12:48:28.859 [main] POIXMLFactory - using default POIXMLDocumentPart for http://schemas.openxmlformats.org/officeDocument/2006/relationships/printerSettings
[DEBUG] 2023-03-21 12:48:28.872 [main] PackageRelationshipCollection - Parsing relationship: /xl/_rels/workbook.xml.rels
[DEBUG] 2023-03-21 12:48:28.873 [main] PackageRelationshipCollection - Parsing relationship: /xl/worksheets/_rels/sheet1.xml.rels
[DEBUG] 2023-03-21 12:48:28.874 [main] PackageRelationshipCollection - Parsing relationship: /xl/worksheets/_rels/sheet2.xml.rels
[DEBUG] 2023-03-21 12:48:28.875 [main] PackageRelationshipCollection - Parsing relationship: /_rels/.rels
[DEBUG] 2023-03-21 12:48:28.885 [main] POIXMLFactory - using default POIXMLDocumentPart for http://schemas.openxmlformats.org/officeDocument/2006/relationships/printerSettings
[DEBUG] 2023-03-21 12:48:28.901 [main] PackageRelationshipCollection - Parsing relationship: /xl/_rels/workbook.xml.rels
[DEBUG] 2023-03-21 12:48:28.902 [main] PackageRelationshipCollection - Parsing relationship: /xl/worksheets/_rels/sheet1.xml.rels
[DEBUG] 2023-03-21 12:48:28.903 [main] PackageRelationshipCollection - Parsing relationship: /xl/worksheets/_rels/sheet2.xml.rels
[DEBUG] 2023-03-21 12:48:28.904 [main] PackageRelationshipCollection - Parsing relationship: /_rels/.rels
[DEBUG] 2023-03-21 12:48:28.912 [main] POIXMLFactory - using default POIXMLDocumentPart for http://schemas.openxmlformats.org/officeDocument/2006/relationships/printerSettings
[DEBUG] 2023-03-21 12:48:28.924 [main] PackageRelationshipCollection - Parsing relationship: /xl/_rels/workbook.xml.rels
[DEBUG] 2023-03-21 12:48:28.925 [main] PackageRelationshipCollection - Parsing relationship: /xl/worksheets/_rels/sheet1.xml.rels
[DEBUG] 2023-03-21 12:48:28.927 [main] PackageRelationshipCollection - Parsing relationship: /xl/worksheets/_rels/sheet2.xml.rels
[DEBUG] 2023-03-21 12:48:28.928 [main] PackageRelationshipCollection - Parsing relationship: /_rels/.rels
[DEBUG] 2023-03-21 12:48:28.935 [main] POIXMLFactory - using default POIXMLDocumentPart for http://schemas.openxmlformats.org/officeDocument/2006/relationships/printerSettings
[DEBUG] 2023-03-21 12:48:28.950 [main] PackageRelationshipCollection - Parsing relationship: /xl/_rels/workbook.xml.rels
[DEBUG] 2023-03-21 12:48:28.952 [main] PackageRelationshipCollection - Parsing relationship: /xl/worksheets/_rels/sheet1.xml.rels
[DEBUG] 2023-03-21 12:48:28.953 [main] PackageRelationshipCollection - Parsing relationship: /xl/worksheets/_rels/sheet2.xml.rels
[DEBUG] 2023-03-21 12:48:28.954 [main] PackageRelationshipCollection - Parsing relationship: /_rels/.rels
[DEBUG] 2023-03-21 12:48:28.960 [main] POIXMLFactory - using default POIXMLDocumentPart for http://schemas.openxmlformats.org/officeDocument/2006/relationships/printerSettings
[DEBUG] 2023-03-21 12:48:28.972 [main] PackageRelationshipCollection - Parsing relationship: /xl/_rels/workbook.xml.rels
[DEBUG] 2023-03-21 12:48:28.974 [main] PackageRelationshipCollection - Parsing relationship: /xl/worksheets/_rels/sheet1.xml.rels
[DEBUG] 2023-03-21 12:48:28.975 [main] PackageRelationshipCollection - Parsing relationship: /xl/worksheets/_rels/sheet2.xml.rels
[DEBUG] 2023-03-21 12:48:28.975 [main] PackageRelationshipCollection - Parsing relationship: /_rels/.rels
[DEBUG] 2023-03-21 12:48:28.983 [main] POIXMLFactory - using default POIXMLDocumentPart for http://schemas.openxmlformats.org/officeDocument/2006/relationships/printerSettings
[DEBUG] 2023-03-21 12:48:34.788 [main] PackageRelationshipCollection - Parsing relationship: /xl/_rels/workbook.xml.rels
[DEBUG] 2023-03-21 12:48:34.789 [main] PackageRelationshipCollection - Parsing relationship: /xl/worksheets/_rels/sheet1.xml.rels
[DEBUG] 2023-03-21 12:48:34.790 [main] PackageRelationshipCollection - Parsing relationship: /xl/worksheets/_rels/sheet2.xml.rels
[DEBUG] 2023-03-21 12:48:34.791 [main] PackageRelationshipCollection - Parsing relationship: /_rels/.rels
[DEBUG] 2023-03-21 12:48:34.798 [main] POIXMLFactory - using default POIXMLDocumentPart for http://schemas.openxmlformats.org/officeDocument/2006/relationships/printerSettings
[DEBUG] 2023-03-21 12:48:34.809 [main] PackageRelationshipCollection - Parsing relationship: /xl/_rels/workbook.xml.rels
[DEBUG] 2023-03-21 12:48:34.809 [main] PackageRelationshipCollection - Parsing relationship: /xl/worksheets/_rels/sheet1.xml.rels
[DEBUG] 2023-03-21 12:48:34.810 [main] PackageRelationshipCollection - Parsing relationship: /xl/worksheets/_rels/sheet2.xml.rels
[DEBUG] 2023-03-21 12:48:34.811 [main] PackageRelationshipCollection - Parsing relationship: /_rels/.rels
[DEBUG] 2023-03-21 12:48:34.815 [main] POIXMLFactory - using default POIXMLDocumentPart for http://schemas.openxmlformats.org/officeDocument/2006/relationships/printerSettings
[DEBUG] 2023-03-21 12:48:34.825 [main] PackageRelationshipCollection - Parsing relationship: /xl/_rels/workbook.xml.rels
[DEBUG] 2023-03-21 12:48:34.826 [main] PackageRelationshipCollection - Parsing relationship: /xl/worksheets/_rels/sheet1.xml.rels
[DEBUG] 2023-03-21 12:48:34.827 [main] PackageRelationshipCollection - Parsing relationship: /xl/worksheets/_rels/sheet2.xml.rels
[DEBUG] 2023-03-21 12:48:34.827 [main] PackageRelationshipCollection - Parsing relationship: /_rels/.rels
[DEBUG] 2023-03-21 12:48:34.834 [main] POIXMLFactory - using default POIXMLDocumentPart for http://schemas.openxmlformats.org/officeDocument/2006/relationships/printerSettings
[DEBUG] 2023-03-21 12:48:34.843 [main] PackageRelationshipCollection - Parsing relationship: /xl/_rels/workbook.xml.rels
[DEBUG] 2023-03-21 12:48:34.845 [main] PackageRelationshipCollection - Parsing relationship: /xl/worksheets/_rels/sheet1.xml.rels
[DEBUG] 2023-03-21 12:48:34.846 [main] PackageRelationshipCollection - Parsing relationship: /xl/worksheets/_rels/sheet2.xml.rels
[DEBUG] 2023-03-21 12:48:34.847 [main] PackageRelationshipCollection - Parsing relationship: /_rels/.rels
[DEBUG] 2023-03-21 12:48:34.852 [main] POIXMLFactory - using default POIXMLDocumentPart for http://schemas.openxmlformats.org/officeDocument/2006/relationships/printerSettings
[INFO ] 2023-03-21 12:48:38.991 [main] UserTests - ********** creating user **************
[INFO ] 2023-03-21 12:48:40.310 [main] UserTests - ********** user is created **************
[INFO ] 2023-03-21 12:48:40.313 [main] UserTests - ********** Reading user info **************
[INFO ] 2023-03-21 12:48:41.608 [main] UserTests - ********** user info is displayed **************
[INFO ] 2023-03-21 12:48:41.610 [main] UserTests - ********** cupdating the user **************
[INFO ] 2023-03-21 12:48:44.819 [main] UserTests - ********** user is updated **************
[INFO ] 2023-03-21 12:48:44.821 [main] UserTests - ********** deleting user **************
[INFO ] 2023-03-21 12:48:46.083 [main] UserTests - **********user deleted **************
[INFO ] 2023-03-21 12:48:46.117 [main] UserTests2 - ********** creating user **************
[INFO ] 2023-03-21 12:48:47.461 [main] UserTests2 - ********** user is created **************
[INFO ] 2023-03-21 12:48:47.461 [main] UserTests2 - ********** Reading user info **************
[INFO ] 2023-03-21 12:48:48.750 [main] UserTests2 - ********** user info is displayed **************
[INFO ] 2023-03-21 12:48:48.752 [main] UserTests2 - ********** cupdating the user **************
[INFO ] 2023-03-21 12:48:51.336 [main] UserTests2 - ********** user is updated **************
[INFO ] 2023-03-21 12:48:51.337 [main] UserTests2 - ********** deleting user **************
[INFO ] 2023-03-21 12:48:52.680 [main] UserTests2 - **********user deleted **************
[DEBUG] 2023-03-21 12:55:17.683 [main] PackageRelationshipCollection - Parsing relationship: /xl/_rels/workbook.xml.rels
[DEBUG] 2023-03-21 12:55:17.683 [main] PackageRelationshipCollection - Parsing relationship: /xl/worksheets/_rels/sheet1.xml.rels
[DEBUG] 2023-03-21 12:55:17.683 [main] PackageRelationshipCollection - Parsing relationship: /xl/worksheets/_rels/sheet2.xml.rels
[DEBUG] 2023-03-21 12:55:17.683 [main] PackageRelationshipCollection - Parsing relationship: /_rels/.rels
[DEBUG] 2023-03-21 12:55:18.036 [main] POIXMLFactory - using default POIXMLDocumentPart for http://schemas.openxmlformats.org/officeDocument/2006/relationships/printerSettings
[DEBUG] 2023-03-21 12:55:18.124 [main] PackageRelationshipCollection - Parsing relationship: /xl/_rels/workbook.xml.rels
[DEBUG] 2023-03-21 12:55:18.124 [main] PackageRelationshipCollection - Parsing relationship: /xl/worksheets/_rels/sheet1.xml.rels
[DEBUG] 2023-03-21 12:55:18.124 [main] PackageRelationshipCollection - Parsing relationship: /xl/worksheets/_rels/sheet2.xml.rels
[DEBUG] 2023-03-21 12:55:18.130 [main] PackageRelationshipCollection - Parsing relationship: /_rels/.rels
[DEBUG] 2023-03-21 12:55:18.140 [main] POIXMLFactory - using default POIXMLDocumentPart for http://schemas.openxmlformats.org/officeDocument/2006/relationships/printerSettings
[DEBUG] 2023-03-21 12:55:18.156 [main] PackageRelationshipCollection - Parsing relationship: /xl/_rels/workbook.xml.rels
[DEBUG] 2023-03-21 12:55:18.156 [main] PackageRelationshipCollection - Parsing relationship: /xl/worksheets/_rels/sheet1.xml.rels
[DEBUG] 2023-03-21 12:55:18.156 [main] PackageRelationshipCollection - Parsing relationship: /xl/worksheets/_rels/sheet2.xml.rels
[DEBUG] 2023-03-21 12:55:18.156 [main] PackageRelationshipCollection - Parsing relationship: /_rels/.rels
[DEBUG] 2023-03-21 12:55:18.171 [main] POIXMLFactory - using default POIXMLDocumentPart for http://schemas.openxmlformats.org/officeDocument/2006/relationships/printerSettings
[DEBUG] 2023-03-21 12:55:18.203 [main] PackageRelationshipCollection - Parsing relationship: /xl/_rels/workbook.xml.rels
[DEBUG] 2023-03-21 12:55:18.219 [main] PackageRelationshipCollection - Parsing relationship: /xl/worksheets/_rels/sheet1.xml.rels
[DEBUG] 2023-03-21 12:55:18.220 [main] PackageRelationshipCollection - Parsing relationship: /xl/worksheets/_rels/sheet2.xml.rels
[DEBUG] 2023-03-21 12:55:18.220 [main] PackageRelationshipCollection - Parsing relationship: /_rels/.rels
[DEBUG] 2023-03-21 12:55:18.232 [main] POIXMLFactory - using default POIXMLDocumentPart for http://schemas.openxmlformats.org/officeDocument/2006/relationships/printerSettings
[DEBUG] 2023-03-21 12:55:18.252 [main] PackageRelationshipCollection - Parsing relationship: /xl/_rels/workbook.xml.rels
[DEBUG] 2023-03-21 12:55:18.252 [main] PackageRelationshipCollection - Parsing relationship: /xl/worksheets/_rels/sheet1.xml.rels
[DEBUG] 2023-03-21 12:55:18.254 [main] PackageRelationshipCollection - Parsing relationship: /xl/worksheets/_rels/sheet2.xml.rels
[DEBUG] 2023-03-21 12:55:18.256 [main] PackageRelationshipCollection - Parsing relationship: /_rels/.rels
[DEBUG] 2023-03-21 12:55:18.268 [main] POIXMLFactory - using default POIXMLDocumentPart for http://schemas.openxmlformats.org/officeDocument/2006/relationships/printerSettings
[DEBUG] 2023-03-21 12:55:18.282 [main] PackageRelationshipCollection - Parsing relationship: /xl/_rels/workbook.xml.rels
[DEBUG] 2023-03-21 12:55:18.282 [main] PackageRelationshipCollection - Parsing relationship: /xl/worksheets/_rels/sheet1.xml.rels
[DEBUG] 2023-03-21 12:55:18.286 [main] PackageRelationshipCollection - Parsing relationship: /xl/worksheets/_rels/sheet2.xml.rels
[DEBUG] 2023-03-21 12:55:18.286 [main] PackageRelationshipCollection - Parsing relationship: /_rels/.rels
[DEBUG] 2023-03-21 12:55:18.299 [main] POIXMLFactory - using default POIXMLDocumentPart for http://schemas.openxmlformats.org/officeDocument/2006/relationships/printerSettings
[DEBUG] 2023-03-21 12:55:18.313 [main] PackageRelationshipCollection - Parsing relationship: /xl/_rels/workbook.xml.rels
[DEBUG] 2023-03-21 12:55:18.318 [main] PackageRelationshipCollection - Parsing relationship: /xl/worksheets/_rels/sheet1.xml.rels
[DEBUG] 2023-03-21 12:55:18.318 [main] PackageRelationshipCollection - Parsing relationship: /xl/worksheets/_rels/sheet2.xml.rels
[DEBUG] 2023-03-21 12:55:18.318 [main] PackageRelationshipCollection - Parsing relationship: /_rels/.rels
[DEBUG] 2023-03-21 12:55:18.331 [main] POIXMLFactory - using default POIXMLDocumentPart for http://schemas.openxmlformats.org/officeDocument/2006/relationships/printerSettings
[DEBUG] 2023-03-21 12:55:18.345 [main] PackageRelationshipCollection - Parsing relationship: /xl/_rels/workbook.xml.rels
[DEBUG] 2023-03-21 12:55:18.345 [main] PackageRelationshipCollection - Parsing relationship: /xl/worksheets/_rels/sheet1.xml.rels
[DEBUG] 2023-03-21 12:55:18.345 [main] PackageRelationshipCollection - Parsing relationship: /xl/worksheets/_rels/sheet2.xml.rels
[DEBUG] 2023-03-21 12:55:18.345 [main] PackageRelationshipCollection - Parsing relationship: /_rels/.rels
[DEBUG] 2023-03-21 12:55:18.361 [main] POIXMLFactory - using default POIXMLDocumentPart for http://schemas.openxmlformats.org/officeDocument/2006/relationships/printerSettings
[DEBUG] 2023-03-21 12:55:18.376 [main] PackageRelationshipCollection - Parsing relationship: /xl/_rels/workbook.xml.rels
[DEBUG] 2023-03-21 12:55:18.376 [main] PackageRelationshipCollection - Parsing relationship: /xl/worksheets/_rels/sheet1.xml.rels
[DEBUG] 2023-03-21 12:55:18.376 [main] PackageRelationshipCollection - Parsing relationship: /xl/worksheets/_rels/sheet2.xml.rels
[DEBUG] 2023-03-21 12:55:18.376 [main] PackageRelationshipCollection - Parsing relationship: /_rels/.rels
[DEBUG] 2023-03-21 12:55:18.401 [main] POIXMLFactory - using default POIXMLDocumentPart for http://schemas.openxmlformats.org/officeDocument/2006/relationships/printerSettings
[DEBUG] 2023-03-21 12:55:18.408 [main] PackageRelationshipCollection - Parsing relationship: /xl/_rels/workbook.xml.rels
[DEBUG] 2023-03-21 12:55:18.408 [main] PackageRelationshipCollection - Parsing relationship: /xl/worksheets/_rels/sheet1.xml.rels
[DEBUG] 2023-03-21 12:55:18.408 [main] PackageRelationshipCollection - Parsing relationship: /xl/worksheets/_rels/sheet2.xml.rels
[DEBUG] 2023-03-21 12:55:18.408 [main] PackageRelationshipCollection - Parsing relationship: /_rels/.rels
[DEBUG] 2023-03-21 12:55:18.427 [main] POIXMLFactory - using default POIXMLDocumentPart for http://schemas.openxmlformats.org/officeDocument/2006/relationships/printerSettings
[DEBUG] 2023-03-21 12:55:18.440 [main] PackageRelationshipCollection - Parsing relationship: /xl/_rels/workbook.xml.rels
[DEBUG] 2023-03-21 12:55:18.440 [main] PackageRelationshipCollection - Parsing relationship: /xl/worksheets/_rels/sheet1.xml.rels
[DEBUG] 2023-03-21 12:55:18.440 [main] PackageRelationshipCollection - Parsing relationship: /xl/worksheets/_rels/sheet2.xml.rels
[DEBUG] 2023-03-21 12:55:18.440 [main] PackageRelationshipCollection - Parsing relationship: /_rels/.rels
[DEBUG] 2023-03-21 12:55:18.447 [main] POIXMLFactory - using default POIXMLDocumentPart for http://schemas.openxmlformats.org/officeDocument/2006/relationships/printerSettings
[DEBUG] 2023-03-21 12:55:18.461 [main] PackageRelationshipCollection - Parsing relationship: /xl/_rels/workbook.xml.rels
[DEBUG] 2023-03-21 12:55:18.461 [main] PackageRelationshipCollection - Parsing relationship: /xl/worksheets/_rels/sheet1.xml.rels
[DEBUG] 2023-03-21 12:55:18.461 [main] PackageRelationshipCollection - Parsing relationship: /xl/worksheets/_rels/sheet2.xml.rels
[DEBUG] 2023-03-21 12:55:18.461 [main] PackageRelationshipCollection - Parsing relationship: /_rels/.rels
[DEBUG] 2023-03-21 12:55:18.477 [main] POIXMLFactory - using default POIXMLDocumentPart for http://schemas.openxmlformats.org/officeDocument/2006/relationships/printerSettings
[DEBUG] 2023-03-21 12:55:18.489 [main] PackageRelationshipCollection - Parsing relationship: /xl/_rels/workbook.xml.rels
[DEBUG] 2023-03-21 12:55:18.489 [main] PackageRelationshipCollection - Parsing relationship: /xl/worksheets/_rels/sheet1.xml.rels
[DEBUG] 2023-03-21 12:55:18.489 [main] PackageRelationshipCollection - Parsing relationship: /xl/worksheets/_rels/sheet2.xml.rels
[DEBUG] 2023-03-21 12:55:18.495 [main] PackageRelationshipCollection - Parsing relationship: /_rels/.rels
[DEBUG] 2023-03-21 12:55:18.503 [main] POIXMLFactory - using default POIXMLDocumentPart for http://schemas.openxmlformats.org/officeDocument/2006/relationships/printerSettings
[DEBUG] 2023-03-21 12:55:18.518 [main] PackageRelationshipCollection - Parsing relationship: /xl/_rels/workbook.xml.rels
[DEBUG] 2023-03-21 12:55:18.518 [main] PackageRelationshipCollection - Parsing relationship: /xl/worksheets/_rels/sheet1.xml.rels
[DEBUG] 2023-03-21 12:55:18.522 [main] PackageRelationshipCollection - Parsing relationship: /xl/worksheets/_rels/sheet2.xml.rels
[DEBUG] 2023-03-21 12:55:18.523 [main] PackageRelationshipCollection - Parsing relationship: /_rels/.rels
[DEBUG] 2023-03-21 12:55:18.531 [main] POIXMLFactory - using default POIXMLDocumentPart for http://schemas.openxmlformats.org/officeDocument/2006/relationships/printerSettings
[DEBUG] 2023-03-21 12:55:18.538 [main] PackageRelationshipCollection - Parsing relationship: /xl/_rels/workbook.xml.rels
[DEBUG] 2023-03-21 12:55:18.538 [main] PackageRelationshipCollection - Parsing relationship: /xl/worksheets/_rels/sheet1.xml.rels
[DEBUG] 2023-03-21 12:55:18.538 [main] PackageRelationshipCollection - Parsing relationship: /xl/worksheets/_rels/sheet2.xml.rels
[DEBUG] 2023-03-21 12:55:18.538 [main] PackageRelationshipCollection - Parsing relationship: /_rels/.rels
[DEBUG] 2023-03-21 12:55:18.550 [main] POIXMLFactory - using default POIXMLDocumentPart for http://schemas.openxmlformats.org/officeDocument/2006/relationships/printerSettings
[DEBUG] 2023-03-21 12:55:18.567 [main] PackageRelationshipCollection - Parsing relationship: /xl/_rels/workbook.xml.rels
[DEBUG] 2023-03-21 12:55:18.567 [main] PackageRelationshipCollection - Parsing relationship: /xl/worksheets/_rels/sheet1.xml.rels
[DEBUG] 2023-03-21 12:55:18.567 [main] PackageRelationshipCollection - Parsing relationship: /xl/worksheets/_rels/sheet2.xml.rels
[DEBUG] 2023-03-21 12:55:18.567 [main] PackageRelationshipCollection - Parsing relationship: /_rels/.rels
[DEBUG] 2023-03-21 12:55:18.582 [main] POIXMLFactory - using default POIXMLDocumentPart for http://schemas.openxmlformats.org/officeDocument/2006/relationships/printerSettings
[DEBUG] 2023-03-21 12:55:18.588 [main] PackageRelationshipCollection - Parsing relationship: /xl/_rels/workbook.xml.rels
[DEBUG] 2023-03-21 12:55:18.588 [main] PackageRelationshipCollection - Parsing relationship: /xl/worksheets/_rels/sheet1.xml.rels
[DEBUG] 2023-03-21 12:55:18.588 [main] PackageRelationshipCollection - Parsing relationship: /xl/worksheets/_rels/sheet2.xml.rels
[DEBUG] 2023-03-21 12:55:18.598 [main] PackageRelationshipCollection - Parsing relationship: /_rels/.rels
[DEBUG] 2023-03-21 12:55:18.603 [main] POIXMLFactory - using default POIXMLDocumentPart for http://schemas.openxmlformats.org/officeDocument/2006/relationships/printerSettings
[DEBUG] 2023-03-21 12:55:18.614 [main] PackageRelationshipCollection - Parsing relationship: /xl/_rels/workbook.xml.rels
[DEBUG] 2023-03-21 12:55:18.619 [main] PackageRelationshipCollection - Parsing relationship: /xl/worksheets/_rels/sheet1.xml.rels
[DEBUG] 2023-03-21 12:55:18.620 [main] PackageRelationshipCollection - Parsing relationship: /xl/worksheets/_rels/sheet2.xml.rels
[DEBUG] 2023-03-21 12:55:18.620 [main] PackageRelationshipCollection - Parsing relationship: /_rels/.rels
[DEBUG] 2023-03-21 12:55:18.620 [main] POIXMLFactory - using default POIXMLDocumentPart for http://schemas.openxmlformats.org/officeDocument/2006/relationships/printerSettings
[DEBUG] 2023-03-21 12:55:18.641 [main] PackageRelationshipCollection - Parsing relationship: /xl/_rels/workbook.xml.rels
[DEBUG] 2023-03-21 12:55:18.641 [main] PackageRelationshipCollection - Parsing relationship: /xl/worksheets/_rels/sheet1.xml.rels
[DEBUG] 2023-03-21 12:55:18.641 [main] PackageRelationshipCollection - Parsing relationship: /xl/worksheets/_rels/sheet2.xml.rels
[DEBUG] 2023-03-21 12:55:18.641 [main] PackageRelationshipCollection - Parsing relationship: /_rels/.rels
[DEBUG] 2023-03-21 12:55:18.647 [main] POIXMLFactory - using default POIXMLDocumentPart for http://schemas.openxmlformats.org/officeDocument/2006/relationships/printerSettings
[DEBUG] 2023-03-21 12:55:18.661 [main] PackageRelationshipCollection - Parsing relationship: /xl/_rels/workbook.xml.rels
[DEBUG] 2023-03-21 12:55:18.661 [main] PackageRelationshipCollection - Parsing relationship: /xl/worksheets/_rels/sheet1.xml.rels
[DEBUG] 2023-03-21 12:55:18.661 [main] PackageRelationshipCollection - Parsing relationship: /xl/worksheets/_rels/sheet2.xml.rels
[DEBUG] 2023-03-21 12:55:18.661 [main] PackageRelationshipCollection - Parsing relationship: /_rels/.rels
[DEBUG] 2023-03-21 12:55:18.673 [main] POIXMLFactory - using default POIXMLDocumentPart for http://schemas.openxmlformats.org/officeDocument/2006/relationships/printerSettings
[DEBUG] 2023-03-21 12:55:18.677 [main] PackageRelationshipCollection - Parsing relationship: /xl/_rels/workbook.xml.rels
[DEBUG] 2023-03-21 12:55:18.677 [main] PackageRelationshipCollection - Parsing relationship: /xl/worksheets/_rels/sheet1.xml.rels
[DEBUG] 2023-03-21 12:55:18.677 [main] PackageRelationshipCollection - Parsing relationship: /xl/worksheets/_rels/sheet2.xml.rels
[DEBUG] 2023-03-21 12:55:18.677 [main] PackageRelationshipCollection - Parsing relationship: /_rels/.rels
[DEBUG] 2023-03-21 12:55:18.693 [main] POIXMLFactory - using default POIXMLDocumentPart for http://schemas.openxmlformats.org/officeDocument/2006/relationships/printerSettings
[DEBUG] 2023-03-21 12:55:18.693 [main] PackageRelationshipCollection - Parsing relationship: /xl/_rels/workbook.xml.rels
[DEBUG] 2023-03-21 12:55:18.693 [main] PackageRelationshipCollection - Parsing relationship: /xl/worksheets/_rels/sheet1.xml.rels
[DEBUG] 2023-03-21 12:55:18.693 [main] PackageRelationshipCollection - Parsing relationship: /xl/worksheets/_rels/sheet2.xml.rels
[DEBUG] 2023-03-21 12:55:18.709 [main] PackageRelationshipCollection - Parsing relationship: /_rels/.rels
[DEBUG] 2023-03-21 12:55:18.709 [main] POIXMLFactory - using default POIXMLDocumentPart for http://schemas.openxmlformats.org/officeDocument/2006/relationships/printerSettings
[DEBUG] 2023-03-21 12:55:18.724 [main] PackageRelationshipCollection - Parsing relationship: /xl/_rels/workbook.xml.rels
[DEBUG] 2023-03-21 12:55:18.724 [main] PackageRelationshipCollection - Parsing relationship: /xl/worksheets/_rels/sheet1.xml.rels
[DEBUG] 2023-03-21 12:55:18.724 [main] PackageRelationshipCollection - Parsing relationship: /xl/worksheets/_rels/sheet2.xml.rels
[DEBUG] 2023-03-21 12:55:18.724 [main] PackageRelationshipCollection - Parsing relationship: /_rels/.rels
[DEBUG] 2023-03-21 12:55:18.740 [main] POIXMLFactory - using default POIXMLDocumentPart for http://schemas.openxmlformats.org/officeDocument/2006/relationships/printerSettings
[DEBUG] 2023-03-21 12:55:24.367 [main] PackageRelationshipCollection - Parsing relationship: /xl/_rels/workbook.xml.rels
[DEBUG] 2023-03-21 12:55:24.367 [main] PackageRelationshipCollection - Parsing relationship: /xl/worksheets/_rels/sheet1.xml.rels
[DEBUG] 2023-03-21 12:55:24.367 [main] PackageRelationshipCollection - Parsing relationship: /xl/worksheets/_rels/sheet2.xml.rels
[DEBUG] 2023-03-21 12:55:24.374 [main] PackageRelationshipCollection - Parsing relationship: /_rels/.rels
[DEBUG] 2023-03-21 12:55:24.381 [main] POIXMLFactory - using default POIXMLDocumentPart for http://schemas.openxmlformats.org/officeDocument/2006/relationships/printerSettings
[DEBUG] 2023-03-21 12:55:24.392 [main] PackageRelationshipCollection - Parsing relationship: /xl/_rels/workbook.xml.rels
[DEBUG] 2023-03-21 12:55:24.395 [main] PackageRelationshipCollection - Parsing relationship: /xl/worksheets/_rels/sheet1.xml.rels
[DEBUG] 2023-03-21 12:55:24.395 [main] PackageRelationshipCollection - Parsing relationship: /xl/worksheets/_rels/sheet2.xml.rels
[DEBUG] 2023-03-21 12:55:24.395 [main] PackageRelationshipCollection - Parsing relationship: /_rels/.rels
[DEBUG] 2023-03-21 12:55:24.399 [main] POIXMLFactory - using default POIXMLDocumentPart for http://schemas.openxmlformats.org/officeDocument/2006/relationships/printerSettings
[DEBUG] 2023-03-21 12:55:24.417 [main] PackageRelationshipCollection - Parsing relationship: /xl/_rels/workbook.xml.rels
[DEBUG] 2023-03-21 12:55:24.417 [main] PackageRelationshipCollection - Parsing relationship: /xl/worksheets/_rels/sheet1.xml.rels
[DEBUG] 2023-03-21 12:55:24.420 [main] PackageRelationshipCollection - Parsing relationship: /xl/worksheets/_rels/sheet2.xml.rels
[DEBUG] 2023-03-21 12:55:24.420 [main] PackageRelationshipCollection - Parsing relationship: /_rels/.rels
[DEBUG] 2023-03-21 12:55:24.423 [main] POIXMLFactory - using default POIXMLDocumentPart for http://schemas.openxmlformats.org/officeDocument/2006/relationships/printerSettings
[DEBUG] 2023-03-21 12:55:24.431 [main] PackageRelationshipCollection - Parsing relationship: /xl/_rels/workbook.xml.rels
[DEBUG] 2023-03-21 12:55:24.431 [main] PackageRelationshipCollection - Parsing relationship: /xl/worksheets/_rels/sheet1.xml.rels
[DEBUG] 2023-03-21 12:55:24.431 [main] PackageRelationshipCollection - Parsing relationship: /xl/worksheets/_rels/sheet2.xml.rels
[DEBUG] 2023-03-21 12:55:24.431 [main] PackageRelationshipCollection - Parsing relationship: /_rels/.rels
[DEBUG] 2023-03-21 12:55:24.447 [main] POIXMLFactory - using default POIXMLDocumentPart for http://schemas.openxmlformats.org/officeDocument/2006/relationships/printerSettings
[INFO ] 2023-03-21 12:55:28.247 [main] UserTests - ********** creating user **************
[INFO ] 2023-03-21 12:55:29.450 [main] UserTests - ********** user is created **************
[INFO ] 2023-03-21 12:55:29.450 [main] UserTests - ********** Reading user info **************
[INFO ] 2023-03-21 12:55:30.571 [main] UserTests - ********** user info is displayed **************
[INFO ] 2023-03-21 12:55:30.571 [main] UserTests - ********** cupdating the user **************
[INFO ] 2023-03-21 12:55:32.771 [main] UserTests - ********** user is updated **************
[INFO ] 2023-03-21 12:55:32.771 [main] UserTests - ********** deleting user **************
[INFO ] 2023-03-21 12:55:33.951 [main] UserTests - **********user deleted **************
[INFO ] 2023-03-21 12:55:33.985 [main] UserTests2 - ********** creating user **************
[INFO ] 2023-03-21 12:55:35.176 [main] UserTests2 - ********** user is created **************
[INFO ] 2023-03-21 12:55:35.176 [main] UserTests2 - ********** Reading user info **************
[INFO ] 2023-03-21 12:55:36.421 [main] UserTests2 - ********** user info is displayed **************
[INFO ] 2023-03-21 12:55:36.421 [main] UserTests2 - ********** cupdating the user **************
[INFO ] 2023-03-21 12:55:38.864 [main] UserTests2 - ********** user is updated **************
[INFO ] 2023-03-21 12:55:38.864 [main] UserTests2 - ********** deleting user **************
[INFO ] 2023-03-21 12:55:40.076 [main] UserTests2 - **********user deleted **************
