[DEBUG] 2023-03-22 20:24:42.068 [main] PackageRelationshipCollection - Parsing relationship: /xl/_rels/workbook.xml.rels
[DEBUG] 2023-03-22 20:24:42.084 [main] PackageRelationshipCollection - Parsing relationship: /xl/worksheets/_rels/sheet1.xml.rels
[DEBUG] 2023-03-22 20:24:42.087 [main] PackageRelationshipCollection - Parsing relationship: /xl/worksheets/_rels/sheet2.xml.rels
[DEBUG] 2023-03-22 20:24:42.091 [main] PackageRelationshipCollection - Parsing relationship: /_rels/.rels
[DEBUG] 2023-03-22 20:24:42.852 [main] POIXMLFactory - using default POIXMLDocumentPart for http://schemas.openxmlformats.org/officeDocument/2006/relationships/printerSettings
[DEBUG] 2023-03-22 20:24:43.049 [main] PackageRelationshipCollection - Parsing relationship: /xl/_rels/workbook.xml.rels
[DEBUG] 2023-03-22 20:24:43.052 [main] PackageRelationshipCollection - Parsing relationship: /xl/worksheets/_rels/sheet1.xml.rels
[DEBUG] 2023-03-22 20:24:43.055 [main] PackageRelationshipCollection - Parsing relationship: /xl/worksheets/_rels/sheet2.xml.rels
[DEBUG] 2023-03-22 20:24:43.057 [main] PackageRelationshipCollection - Parsing relationship: /_rels/.rels
[DEBUG] 2023-03-22 20:24:43.087 [main] POIXMLFactory - using default POIXMLDocumentPart for http://schemas.openxmlformats.org/officeDocument/2006/relationships/printerSettings
[DEBUG] 2023-03-22 20:24:43.123 [main] PackageRelationshipCollection - Parsing relationship: /xl/_rels/workbook.xml.rels
[DEBUG] 2023-03-22 20:24:43.125 [main] PackageRelationshipCollection - Parsing relationship: /xl/worksheets/_rels/sheet1.xml.rels
[DEBUG] 2023-03-22 20:24:43.127 [main] PackageRelationshipCollection - Parsing relationship: /xl/worksheets/_rels/sheet2.xml.rels
[DEBUG] 2023-03-22 20:24:43.129 [main] PackageRelationshipCollection - Parsing relationship: /_rels/.rels
[DEBUG] 2023-03-22 20:24:43.151 [main] POIXMLFactory - using default POIXMLDocumentPart for http://schemas.openxmlformats.org/officeDocument/2006/relationships/printerSettings
[DEBUG] 2023-03-22 20:24:43.242 [main] PackageRelationshipCollection - Parsing relationship: /xl/_rels/workbook.xml.rels
[DEBUG] 2023-03-22 20:24:43.244 [main] PackageRelationshipCollection - Parsing relationship: /xl/worksheets/_rels/sheet1.xml.rels
[DEBUG] 2023-03-22 20:24:43.245 [main] PackageRelationshipCollection - Parsing relationship: /xl/worksheets/_rels/sheet2.xml.rels
[DEBUG] 2023-03-22 20:24:43.248 [main] PackageRelationshipCollection - Parsing relationship: /_rels/.rels
[DEBUG] 2023-03-22 20:24:43.269 [main] POIXMLFactory - using default POIXMLDocumentPart for http://schemas.openxmlformats.org/officeDocument/2006/relationships/printerSettings
[DEBUG] 2023-03-22 20:24:43.300 [main] PackageRelationshipCollection - Parsing relationship: /xl/_rels/workbook.xml.rels
[DEBUG] 2023-03-22 20:24:43.302 [main] PackageRelationshipCollection - Parsing relationship: /xl/worksheets/_rels/sheet1.xml.rels
[DEBUG] 2023-03-22 20:24:43.303 [main] PackageRelationshipCollection - Parsing relationship: /xl/worksheets/_rels/sheet2.xml.rels
[DEBUG] 2023-03-22 20:24:43.305 [main] PackageRelationshipCollection - Parsing relationship: /_rels/.rels
[DEBUG] 2023-03-22 20:24:43.326 [main] POIXMLFactory - using default POIXMLDocumentPart for http://schemas.openxmlformats.org/officeDocument/2006/relationships/printerSettings
[DEBUG] 2023-03-22 20:24:43.354 [main] PackageRelationshipCollection - Parsing relationship: /xl/_rels/workbook.xml.rels
[DEBUG] 2023-03-22 20:24:43.355 [main] PackageRelationshipCollection - Parsing relationship: /xl/worksheets/_rels/sheet1.xml.rels
[DEBUG] 2023-03-22 20:24:43.357 [main] PackageRelationshipCollection - Parsing relationship: /xl/worksheets/_rels/sheet2.xml.rels
[DEBUG] 2023-03-22 20:24:43.358 [main] PackageRelationshipCollection - Parsing relationship: /_rels/.rels
[DEBUG] 2023-03-22 20:24:43.379 [main] POIXMLFactory - using default POIXMLDocumentPart for http://schemas.openxmlformats.org/officeDocument/2006/relationships/printerSettings
[DEBUG] 2023-03-22 20:24:43.408 [main] PackageRelationshipCollection - Parsing relationship: /xl/_rels/workbook.xml.rels
[DEBUG] 2023-03-22 20:24:43.409 [main] PackageRelationshipCollection - Parsing relationship: /xl/worksheets/_rels/sheet1.xml.rels
[DEBUG] 2023-03-22 20:24:43.410 [main] PackageRelationshipCollection - Parsing relationship: /xl/worksheets/_rels/sheet2.xml.rels
[DEBUG] 2023-03-22 20:24:43.413 [main] PackageRelationshipCollection - Parsing relationship: /_rels/.rels
[DEBUG] 2023-03-22 20:24:43.428 [main] POIXMLFactory - using default POIXMLDocumentPart for http://schemas.openxmlformats.org/officeDocument/2006/relationships/printerSettings
[DEBUG] 2023-03-22 20:24:43.456 [main] PackageRelationshipCollection - Parsing relationship: /xl/_rels/workbook.xml.rels
[DEBUG] 2023-03-22 20:24:43.458 [main] PackageRelationshipCollection - Parsing relationship: /xl/worksheets/_rels/sheet1.xml.rels
[DEBUG] 2023-03-22 20:24:43.459 [main] PackageRelationshipCollection - Parsing relationship: /xl/worksheets/_rels/sheet2.xml.rels
[DEBUG] 2023-03-22 20:24:43.461 [main] PackageRelationshipCollection - Parsing relationship: /_rels/.rels
[DEBUG] 2023-03-22 20:24:43.477 [main] POIXMLFactory - using default POIXMLDocumentPart for http://schemas.openxmlformats.org/officeDocument/2006/relationships/printerSettings
[DEBUG] 2023-03-22 20:24:43.507 [main] PackageRelationshipCollection - Parsing relationship: /xl/_rels/workbook.xml.rels
[DEBUG] 2023-03-22 20:24:43.509 [main] PackageRelationshipCollection - Parsing relationship: /xl/worksheets/_rels/sheet1.xml.rels
[DEBUG] 2023-03-22 20:24:43.510 [main] PackageRelationshipCollection - Parsing relationship: /xl/worksheets/_rels/sheet2.xml.rels
[DEBUG] 2023-03-22 20:24:43.512 [main] PackageRelationshipCollection - Parsing relationship: /_rels/.rels
[DEBUG] 2023-03-22 20:24:43.530 [main] POIXMLFactory - using default POIXMLDocumentPart for http://schemas.openxmlformats.org/officeDocument/2006/relationships/printerSettings
[DEBUG] 2023-03-22 20:24:43.556 [main] PackageRelationshipCollection - Parsing relationship: /xl/_rels/workbook.xml.rels
[DEBUG] 2023-03-22 20:24:43.558 [main] PackageRelationshipCollection - Parsing relationship: /xl/worksheets/_rels/sheet1.xml.rels
[DEBUG] 2023-03-22 20:24:43.559 [main] PackageRelationshipCollection - Parsing relationship: /xl/worksheets/_rels/sheet2.xml.rels
[DEBUG] 2023-03-22 20:24:43.560 [main] PackageRelationshipCollection - Parsing relationship: /_rels/.rels
[DEBUG] 2023-03-22 20:24:43.574 [main] POIXMLFactory - using default POIXMLDocumentPart for http://schemas.openxmlformats.org/officeDocument/2006/relationships/printerSettings
[DEBUG] 2023-03-22 20:24:43.596 [main] PackageRelationshipCollection - Parsing relationship: /xl/_rels/workbook.xml.rels
[DEBUG] 2023-03-22 20:24:43.598 [main] PackageRelationshipCollection - Parsing relationship: /xl/worksheets/_rels/sheet1.xml.rels
[DEBUG] 2023-03-22 20:24:43.599 [main] PackageRelationshipCollection - Parsing relationship: /xl/worksheets/_rels/sheet2.xml.rels
[DEBUG] 2023-03-22 20:24:43.600 [main] PackageRelationshipCollection - Parsing relationship: /_rels/.rels
[DEBUG] 2023-03-22 20:24:43.614 [main] POIXMLFactory - using default POIXMLDocumentPart for http://schemas.openxmlformats.org/officeDocument/2006/relationships/printerSettings
[DEBUG] 2023-03-22 20:24:43.639 [main] PackageRelationshipCollection - Parsing relationship: /xl/_rels/workbook.xml.rels
[DEBUG] 2023-03-22 20:24:43.641 [main] PackageRelationshipCollection - Parsing relationship: /xl/worksheets/_rels/sheet1.xml.rels
[DEBUG] 2023-03-22 20:24:43.642 [main] PackageRelationshipCollection - Parsing relationship: /xl/worksheets/_rels/sheet2.xml.rels
[DEBUG] 2023-03-22 20:24:43.643 [main] PackageRelationshipCollection - Parsing relationship: /_rels/.rels
[DEBUG] 2023-03-22 20:24:43.656 [main] POIXMLFactory - using default POIXMLDocumentPart for http://schemas.openxmlformats.org/officeDocument/2006/relationships/printerSettings
[DEBUG] 2023-03-22 20:24:43.681 [main] PackageRelationshipCollection - Parsing relationship: /xl/_rels/workbook.xml.rels
[DEBUG] 2023-03-22 20:24:43.682 [main] PackageRelationshipCollection - Parsing relationship: /xl/worksheets/_rels/sheet1.xml.rels
[DEBUG] 2023-03-22 20:24:43.684 [main] PackageRelationshipCollection - Parsing relationship: /xl/worksheets/_rels/sheet2.xml.rels
[DEBUG] 2023-03-22 20:24:43.686 [main] PackageRelationshipCollection - Parsing relationship: /_rels/.rels
[DEBUG] 2023-03-22 20:24:43.702 [main] POIXMLFactory - using default POIXMLDocumentPart for http://schemas.openxmlformats.org/officeDocument/2006/relationships/printerSettings
[DEBUG] 2023-03-22 20:24:43.728 [main] PackageRelationshipCollection - Parsing relationship: /xl/_rels/workbook.xml.rels
[DEBUG] 2023-03-22 20:24:43.728 [main] PackageRelationshipCollection - Parsing relationship: /xl/worksheets/_rels/sheet1.xml.rels
[DEBUG] 2023-03-22 20:24:43.730 [main] PackageRelationshipCollection - Parsing relationship: /xl/worksheets/_rels/sheet2.xml.rels
[DEBUG] 2023-03-22 20:24:43.732 [main] PackageRelationshipCollection - Parsing relationship: /_rels/.rels
[DEBUG] 2023-03-22 20:24:43.747 [main] POIXMLFactory - using default POIXMLDocumentPart for http://schemas.openxmlformats.org/officeDocument/2006/relationships/printerSettings
[DEBUG] 2023-03-22 20:24:43.768 [main] PackageRelationshipCollection - Parsing relationship: /xl/_rels/workbook.xml.rels
[DEBUG] 2023-03-22 20:24:43.769 [main] PackageRelationshipCollection - Parsing relationship: /xl/worksheets/_rels/sheet1.xml.rels
[DEBUG] 2023-03-22 20:24:43.770 [main] PackageRelationshipCollection - Parsing relationship: /xl/worksheets/_rels/sheet2.xml.rels
[DEBUG] 2023-03-22 20:24:43.773 [main] PackageRelationshipCollection - Parsing relationship: /_rels/.rels
[DEBUG] 2023-03-22 20:24:43.787 [main] POIXMLFactory - using default POIXMLDocumentPart for http://schemas.openxmlformats.org/officeDocument/2006/relationships/printerSettings
[DEBUG] 2023-03-22 20:24:43.817 [main] PackageRelationshipCollection - Parsing relationship: /xl/_rels/workbook.xml.rels
[DEBUG] 2023-03-22 20:24:43.818 [main] PackageRelationshipCollection - Parsing relationship: /xl/worksheets/_rels/sheet1.xml.rels
[DEBUG] 2023-03-22 20:24:43.820 [main] PackageRelationshipCollection - Parsing relationship: /xl/worksheets/_rels/sheet2.xml.rels
[DEBUG] 2023-03-22 20:24:43.821 [main] PackageRelationshipCollection - Parsing relationship: /_rels/.rels
[DEBUG] 2023-03-22 20:24:43.838 [main] POIXMLFactory - using default POIXMLDocumentPart for http://schemas.openxmlformats.org/officeDocument/2006/relationships/printerSettings
[DEBUG] 2023-03-22 20:24:43.858 [main] PackageRelationshipCollection - Parsing relationship: /xl/_rels/workbook.xml.rels
[DEBUG] 2023-03-22 20:24:43.861 [main] PackageRelationshipCollection - Parsing relationship: /xl/worksheets/_rels/sheet1.xml.rels
[DEBUG] 2023-03-22 20:24:43.862 [main] PackageRelationshipCollection - Parsing relationship: /xl/worksheets/_rels/sheet2.xml.rels
[DEBUG] 2023-03-22 20:24:43.863 [main] PackageRelationshipCollection - Parsing relationship: /_rels/.rels
[DEBUG] 2023-03-22 20:24:43.875 [main] POIXMLFactory - using default POIXMLDocumentPart for http://schemas.openxmlformats.org/officeDocument/2006/relationships/printerSettings
[DEBUG] 2023-03-22 20:24:43.894 [main] PackageRelationshipCollection - Parsing relationship: /xl/_rels/workbook.xml.rels
[DEBUG] 2023-03-22 20:24:43.896 [main] PackageRelationshipCollection - Parsing relationship: /xl/worksheets/_rels/sheet1.xml.rels
[DEBUG] 2023-03-22 20:24:43.897 [main] PackageRelationshipCollection - Parsing relationship: /xl/worksheets/_rels/sheet2.xml.rels
[DEBUG] 2023-03-22 20:24:43.898 [main] PackageRelationshipCollection - Parsing relationship: /_rels/.rels
[DEBUG] 2023-03-22 20:24:43.909 [main] POIXMLFactory - using default POIXMLDocumentPart for http://schemas.openxmlformats.org/officeDocument/2006/relationships/printerSettings
[DEBUG] 2023-03-22 20:24:43.928 [main] PackageRelationshipCollection - Parsing relationship: /xl/_rels/workbook.xml.rels
[DEBUG] 2023-03-22 20:24:43.929 [main] PackageRelationshipCollection - Parsing relationship: /xl/worksheets/_rels/sheet1.xml.rels
[DEBUG] 2023-03-22 20:24:43.931 [main] PackageRelationshipCollection - Parsing relationship: /xl/worksheets/_rels/sheet2.xml.rels
[DEBUG] 2023-03-22 20:24:43.932 [main] PackageRelationshipCollection - Parsing relationship: /_rels/.rels
[DEBUG] 2023-03-22 20:24:43.944 [main] POIXMLFactory - using default POIXMLDocumentPart for http://schemas.openxmlformats.org/officeDocument/2006/relationships/printerSettings
[DEBUG] 2023-03-22 20:24:43.962 [main] PackageRelationshipCollection - Parsing relationship: /xl/_rels/workbook.xml.rels
[DEBUG] 2023-03-22 20:24:43.964 [main] PackageRelationshipCollection - Parsing relationship: /xl/worksheets/_rels/sheet1.xml.rels
[DEBUG] 2023-03-22 20:24:43.965 [main] PackageRelationshipCollection - Parsing relationship: /xl/worksheets/_rels/sheet2.xml.rels
[DEBUG] 2023-03-22 20:24:43.966 [main] PackageRelationshipCollection - Parsing relationship: /_rels/.rels
[DEBUG] 2023-03-22 20:24:43.978 [main] POIXMLFactory - using default POIXMLDocumentPart for http://schemas.openxmlformats.org/officeDocument/2006/relationships/printerSettings
[DEBUG] 2023-03-22 20:24:43.995 [main] PackageRelationshipCollection - Parsing relationship: /xl/_rels/workbook.xml.rels
[DEBUG] 2023-03-22 20:24:43.996 [main] PackageRelationshipCollection - Parsing relationship: /xl/worksheets/_rels/sheet1.xml.rels
[DEBUG] 2023-03-22 20:24:43.997 [main] PackageRelationshipCollection - Parsing relationship: /xl/worksheets/_rels/sheet2.xml.rels
[DEBUG] 2023-03-22 20:24:43.999 [main] PackageRelationshipCollection - Parsing relationship: /_rels/.rels
[DEBUG] 2023-03-22 20:24:44.009 [main] POIXMLFactory - using default POIXMLDocumentPart for http://schemas.openxmlformats.org/officeDocument/2006/relationships/printerSettings
[DEBUG] 2023-03-22 20:24:44.026 [main] PackageRelationshipCollection - Parsing relationship: /xl/_rels/workbook.xml.rels
[DEBUG] 2023-03-22 20:24:44.027 [main] PackageRelationshipCollection - Parsing relationship: /xl/worksheets/_rels/sheet1.xml.rels
[DEBUG] 2023-03-22 20:24:44.028 [main] PackageRelationshipCollection - Parsing relationship: /xl/worksheets/_rels/sheet2.xml.rels
[DEBUG] 2023-03-22 20:24:44.030 [main] PackageRelationshipCollection - Parsing relationship: /_rels/.rels
[DEBUG] 2023-03-22 20:24:44.043 [main] POIXMLFactory - using default POIXMLDocumentPart for http://schemas.openxmlformats.org/officeDocument/2006/relationships/printerSettings
[DEBUG] 2023-03-22 20:24:44.060 [main] PackageRelationshipCollection - Parsing relationship: /xl/_rels/workbook.xml.rels
[DEBUG] 2023-03-22 20:24:44.061 [main] PackageRelationshipCollection - Parsing relationship: /xl/worksheets/_rels/sheet1.xml.rels
[DEBUG] 2023-03-22 20:24:44.062 [main] PackageRelationshipCollection - Parsing relationship: /xl/worksheets/_rels/sheet2.xml.rels
[DEBUG] 2023-03-22 20:24:44.064 [main] PackageRelationshipCollection - Parsing relationship: /_rels/.rels
[DEBUG] 2023-03-22 20:24:44.072 [main] POIXMLFactory - using default POIXMLDocumentPart for http://schemas.openxmlformats.org/officeDocument/2006/relationships/printerSettings
[DEBUG] 2023-03-22 20:24:51.491 [main] PackageRelationshipCollection - Parsing relationship: /xl/_rels/workbook.xml.rels
[DEBUG] 2023-03-22 20:24:51.492 [main] PackageRelationshipCollection - Parsing relationship: /xl/worksheets/_rels/sheet1.xml.rels
[DEBUG] 2023-03-22 20:24:51.493 [main] PackageRelationshipCollection - Parsing relationship: /xl/worksheets/_rels/sheet2.xml.rels
[DEBUG] 2023-03-22 20:24:51.495 [main] PackageRelationshipCollection - Parsing relationship: /_rels/.rels
[DEBUG] 2023-03-22 20:24:51.507 [main] POIXMLFactory - using default POIXMLDocumentPart for http://schemas.openxmlformats.org/officeDocument/2006/relationships/printerSettings
[DEBUG] 2023-03-22 20:24:51.528 [main] PackageRelationshipCollection - Parsing relationship: /xl/_rels/workbook.xml.rels
[DEBUG] 2023-03-22 20:24:51.529 [main] PackageRelationshipCollection - Parsing relationship: /xl/worksheets/_rels/sheet1.xml.rels
[DEBUG] 2023-03-22 20:24:51.530 [main] PackageRelationshipCollection - Parsing relationship: /xl/worksheets/_rels/sheet2.xml.rels
[DEBUG] 2023-03-22 20:24:51.532 [main] PackageRelationshipCollection - Parsing relationship: /_rels/.rels
[DEBUG] 2023-03-22 20:24:51.544 [main] POIXMLFactory - using default POIXMLDocumentPart for http://schemas.openxmlformats.org/officeDocument/2006/relationships/printerSettings
[DEBUG] 2023-03-22 20:24:51.568 [main] PackageRelationshipCollection - Parsing relationship: /xl/_rels/workbook.xml.rels
[DEBUG] 2023-03-22 20:24:51.570 [main] PackageRelationshipCollection - Parsing relationship: /xl/worksheets/_rels/sheet1.xml.rels
[DEBUG] 2023-03-22 20:24:51.574 [main] PackageRelationshipCollection - Parsing relationship: /xl/worksheets/_rels/sheet2.xml.rels
[DEBUG] 2023-03-22 20:24:51.583 [main] PackageRelationshipCollection - Parsing relationship: /_rels/.rels
[DEBUG] 2023-03-22 20:24:51.598 [main] POIXMLFactory - using default POIXMLDocumentPart for http://schemas.openxmlformats.org/officeDocument/2006/relationships/printerSettings
[DEBUG] 2023-03-22 20:24:51.623 [main] PackageRelationshipCollection - Parsing relationship: /xl/_rels/workbook.xml.rels
[DEBUG] 2023-03-22 20:24:51.625 [main] PackageRelationshipCollection - Parsing relationship: /xl/worksheets/_rels/sheet1.xml.rels
[DEBUG] 2023-03-22 20:24:51.627 [main] PackageRelationshipCollection - Parsing relationship: /xl/worksheets/_rels/sheet2.xml.rels
[DEBUG] 2023-03-22 20:24:51.628 [main] PackageRelationshipCollection - Parsing relationship: /_rels/.rels
[DEBUG] 2023-03-22 20:24:51.643 [main] POIXMLFactory - using default POIXMLDocumentPart for http://schemas.openxmlformats.org/officeDocument/2006/relationships/printerSettings
[INFO ] 2023-03-22 20:24:55.642 [main] UserTests - ********** creating user **************
[INFO ] 2023-03-22 20:24:56.875 [main] UserTests - ********** user is created **************
[INFO ] 2023-03-22 20:24:56.878 [main] UserTests - ********** Reading user info **************
[INFO ] 2023-03-22 20:24:58.001 [main] UserTests - ********** user info is displayed **************
[INFO ] 2023-03-22 20:24:58.005 [main] UserTests - ********** cupdating the user **************
[INFO ] 2023-03-22 20:25:00.346 [main] UserTests - ********** user is updated **************
[INFO ] 2023-03-22 20:25:00.349 [main] UserTests - ********** deleting user **************
[INFO ] 2023-03-22 20:25:01.552 [main] UserTests - **********user deleted **************
[INFO ] 2023-03-22 20:25:01.639 [main] UserTests2 - ********** creating user **************
[INFO ] 2023-03-22 20:25:02.857 [main] UserTests2 - ********** user is created **************
[INFO ] 2023-03-22 20:25:02.861 [main] UserTests2 - ********** Reading user info **************
[INFO ] 2023-03-22 20:25:04.015 [main] UserTests2 - ********** user info is displayed **************
[INFO ] 2023-03-22 20:25:04.018 [main] UserTests2 - ********** cupdating the user **************
[INFO ] 2023-03-22 20:25:06.428 [main] UserTests2 - ********** user is updated **************
[INFO ] 2023-03-22 20:25:06.430 [main] UserTests2 - ********** deleting user **************
[INFO ] 2023-03-22 20:25:07.602 [main] UserTests2 - **********user deleted **************
[DEBUG] 2023-03-22 20:27:00.188 [main] PackageRelationshipCollection - Parsing relationship: /xl/_rels/workbook.xml.rels
[DEBUG] 2023-03-22 20:27:00.198 [main] PackageRelationshipCollection - Parsing relationship: /xl/worksheets/_rels/sheet1.xml.rels
[DEBUG] 2023-03-22 20:27:00.201 [main] PackageRelationshipCollection - Parsing relationship: /xl/worksheets/_rels/sheet2.xml.rels
[DEBUG] 2023-03-22 20:27:00.204 [main] PackageRelationshipCollection - Parsing relationship: /_rels/.rels
[DEBUG] 2023-03-22 20:27:00.827 [main] POIXMLFactory - using default POIXMLDocumentPart for http://schemas.openxmlformats.org/officeDocument/2006/relationships/printerSettings
[DEBUG] 2023-03-22 20:27:00.992 [main] PackageRelationshipCollection - Parsing relationship: /xl/_rels/workbook.xml.rels
[DEBUG] 2023-03-22 20:27:00.994 [main] PackageRelationshipCollection - Parsing relationship: /xl/worksheets/_rels/sheet1.xml.rels
[DEBUG] 2023-03-22 20:27:00.996 [main] PackageRelationshipCollection - Parsing relationship: /xl/worksheets/_rels/sheet2.xml.rels
[DEBUG] 2023-03-22 20:27:00.999 [main] PackageRelationshipCollection - Parsing relationship: /_rels/.rels
[DEBUG] 2023-03-22 20:27:01.027 [main] POIXMLFactory - using default POIXMLDocumentPart for http://schemas.openxmlformats.org/officeDocument/2006/relationships/printerSettings
[DEBUG] 2023-03-22 20:27:01.065 [main] PackageRelationshipCollection - Parsing relationship: /xl/_rels/workbook.xml.rels
[DEBUG] 2023-03-22 20:27:01.067 [main] PackageRelationshipCollection - Parsing relationship: /xl/worksheets/_rels/sheet1.xml.rels
[DEBUG] 2023-03-22 20:27:01.069 [main] PackageRelationshipCollection - Parsing relationship: /xl/worksheets/_rels/sheet2.xml.rels
[DEBUG] 2023-03-22 20:27:01.071 [main] PackageRelationshipCollection - Parsing relationship: /_rels/.rels
[DEBUG] 2023-03-22 20:27:01.096 [main] POIXMLFactory - using default POIXMLDocumentPart for http://schemas.openxmlformats.org/officeDocument/2006/relationships/printerSettings
[DEBUG] 2023-03-22 20:27:01.167 [main] PackageRelationshipCollection - Parsing relationship: /xl/_rels/workbook.xml.rels
[DEBUG] 2023-03-22 20:27:01.168 [main] PackageRelationshipCollection - Parsing relationship: /xl/worksheets/_rels/sheet1.xml.rels
[DEBUG] 2023-03-22 20:27:01.170 [main] PackageRelationshipCollection - Parsing relationship: /xl/worksheets/_rels/sheet2.xml.rels
[DEBUG] 2023-03-22 20:27:01.172 [main] PackageRelationshipCollection - Parsing relationship: /_rels/.rels
[DEBUG] 2023-03-22 20:27:01.193 [main] POIXMLFactory - using default POIXMLDocumentPart for http://schemas.openxmlformats.org/officeDocument/2006/relationships/printerSettings
[DEBUG] 2023-03-22 20:27:01.227 [main] PackageRelationshipCollection - Parsing relationship: /xl/_rels/workbook.xml.rels
[DEBUG] 2023-03-22 20:27:01.229 [main] PackageRelationshipCollection - Parsing relationship: /xl/worksheets/_rels/sheet1.xml.rels
[DEBUG] 2023-03-22 20:27:01.231 [main] PackageRelationshipCollection - Parsing relationship: /xl/worksheets/_rels/sheet2.xml.rels
[DEBUG] 2023-03-22 20:27:01.233 [main] PackageRelationshipCollection - Parsing relationship: /_rels/.rels
[DEBUG] 2023-03-22 20:27:01.252 [main] POIXMLFactory - using default POIXMLDocumentPart for http://schemas.openxmlformats.org/officeDocument/2006/relationships/printerSettings
[DEBUG] 2023-03-22 20:27:01.280 [main] PackageRelationshipCollection - Parsing relationship: /xl/_rels/workbook.xml.rels
[DEBUG] 2023-03-22 20:27:01.282 [main] PackageRelationshipCollection - Parsing relationship: /xl/worksheets/_rels/sheet1.xml.rels
[DEBUG] 2023-03-22 20:27:01.283 [main] PackageRelationshipCollection - Parsing relationship: /xl/worksheets/_rels/sheet2.xml.rels
[DEBUG] 2023-03-22 20:27:01.286 [main] PackageRelationshipCollection - Parsing relationship: /_rels/.rels
[DEBUG] 2023-03-22 20:27:01.307 [main] POIXMLFactory - using default POIXMLDocumentPart for http://schemas.openxmlformats.org/officeDocument/2006/relationships/printerSettings
[DEBUG] 2023-03-22 20:27:01.336 [main] PackageRelationshipCollection - Parsing relationship: /xl/_rels/workbook.xml.rels
[DEBUG] 2023-03-22 20:27:01.338 [main] PackageRelationshipCollection - Parsing relationship: /xl/worksheets/_rels/sheet1.xml.rels
[DEBUG] 2023-03-22 20:27:01.340 [main] PackageRelationshipCollection - Parsing relationship: /xl/worksheets/_rels/sheet2.xml.rels
[DEBUG] 2023-03-22 20:27:01.341 [main] PackageRelationshipCollection - Parsing relationship: /_rels/.rels
[DEBUG] 2023-03-22 20:27:01.357 [main] POIXMLFactory - using default POIXMLDocumentPart for http://schemas.openxmlformats.org/officeDocument/2006/relationships/printerSettings
[DEBUG] 2023-03-22 20:27:01.383 [main] PackageRelationshipCollection - Parsing relationship: /xl/_rels/workbook.xml.rels
[DEBUG] 2023-03-22 20:27:01.385 [main] PackageRelationshipCollection - Parsing relationship: /xl/worksheets/_rels/sheet1.xml.rels
[DEBUG] 2023-03-22 20:27:01.387 [main] PackageRelationshipCollection - Parsing relationship: /xl/worksheets/_rels/sheet2.xml.rels
[DEBUG] 2023-03-22 20:27:01.388 [main] PackageRelationshipCollection - Parsing relationship: /_rels/.rels
[DEBUG] 2023-03-22 20:27:01.406 [main] POIXMLFactory - using default POIXMLDocumentPart for http://schemas.openxmlformats.org/officeDocument/2006/relationships/printerSettings
[DEBUG] 2023-03-22 20:27:01.447 [main] PackageRelationshipCollection - Parsing relationship: /xl/_rels/workbook.xml.rels
[DEBUG] 2023-03-22 20:27:01.448 [main] PackageRelationshipCollection - Parsing relationship: /xl/worksheets/_rels/sheet1.xml.rels
[DEBUG] 2023-03-22 20:27:01.451 [main] PackageRelationshipCollection - Parsing relationship: /xl/worksheets/_rels/sheet2.xml.rels
[DEBUG] 2023-03-22 20:27:01.474 [main] PackageRelationshipCollection - Parsing relationship: /_rels/.rels
[DEBUG] 2023-03-22 20:27:01.497 [main] POIXMLFactory - using default POIXMLDocumentPart for http://schemas.openxmlformats.org/officeDocument/2006/relationships/printerSettings
[DEBUG] 2023-03-22 20:27:01.522 [main] PackageRelationshipCollection - Parsing relationship: /xl/_rels/workbook.xml.rels
[DEBUG] 2023-03-22 20:27:01.523 [main] PackageRelationshipCollection - Parsing relationship: /xl/worksheets/_rels/sheet1.xml.rels
[DEBUG] 2023-03-22 20:27:01.525 [main] PackageRelationshipCollection - Parsing relationship: /xl/worksheets/_rels/sheet2.xml.rels
[DEBUG] 2023-03-22 20:27:01.526 [main] PackageRelationshipCollection - Parsing relationship: /_rels/.rels
[DEBUG] 2023-03-22 20:27:01.539 [main] POIXMLFactory - using default POIXMLDocumentPart for http://schemas.openxmlformats.org/officeDocument/2006/relationships/printerSettings
[DEBUG] 2023-03-22 20:27:01.562 [main] PackageRelationshipCollection - Parsing relationship: /xl/_rels/workbook.xml.rels
[DEBUG] 2023-03-22 20:27:01.564 [main] PackageRelationshipCollection - Parsing relationship: /xl/worksheets/_rels/sheet1.xml.rels
[DEBUG] 2023-03-22 20:27:01.565 [main] PackageRelationshipCollection - Parsing relationship: /xl/worksheets/_rels/sheet2.xml.rels
[DEBUG] 2023-03-22 20:27:01.567 [main] PackageRelationshipCollection - Parsing relationship: /_rels/.rels
[DEBUG] 2023-03-22 20:27:01.582 [main] POIXMLFactory - using default POIXMLDocumentPart for http://schemas.openxmlformats.org/officeDocument/2006/relationships/printerSettings
[DEBUG] 2023-03-22 20:27:01.606 [main] PackageRelationshipCollection - Parsing relationship: /xl/_rels/workbook.xml.rels
[DEBUG] 2023-03-22 20:27:01.608 [main] PackageRelationshipCollection - Parsing relationship: /xl/worksheets/_rels/sheet1.xml.rels
[DEBUG] 2023-03-22 20:27:01.609 [main] PackageRelationshipCollection - Parsing relationship: /xl/worksheets/_rels/sheet2.xml.rels
[DEBUG] 2023-03-22 20:27:01.610 [main] PackageRelationshipCollection - Parsing relationship: /_rels/.rels
[DEBUG] 2023-03-22 20:27:01.621 [main] POIXMLFactory - using default POIXMLDocumentPart for http://schemas.openxmlformats.org/officeDocument/2006/relationships/printerSettings
[DEBUG] 2023-03-22 20:27:01.640 [main] PackageRelationshipCollection - Parsing relationship: /xl/_rels/workbook.xml.rels
[DEBUG] 2023-03-22 20:27:01.642 [main] PackageRelationshipCollection - Parsing relationship: /xl/worksheets/_rels/sheet1.xml.rels
[DEBUG] 2023-03-22 20:27:01.643 [main] PackageRelationshipCollection - Parsing relationship: /xl/worksheets/_rels/sheet2.xml.rels
[DEBUG] 2023-03-22 20:27:01.645 [main] PackageRelationshipCollection - Parsing relationship: /_rels/.rels
[DEBUG] 2023-03-22 20:27:01.657 [main] POIXMLFactory - using default POIXMLDocumentPart for http://schemas.openxmlformats.org/officeDocument/2006/relationships/printerSettings
[DEBUG] 2023-03-22 20:27:01.677 [main] PackageRelationshipCollection - Parsing relationship: /xl/_rels/workbook.xml.rels
[DEBUG] 2023-03-22 20:27:01.678 [main] PackageRelationshipCollection - Parsing relationship: /xl/worksheets/_rels/sheet1.xml.rels
[DEBUG] 2023-03-22 20:27:01.680 [main] PackageRelationshipCollection - Parsing relationship: /xl/worksheets/_rels/sheet2.xml.rels
[DEBUG] 2023-03-22 20:27:01.681 [main] PackageRelationshipCollection - Parsing relationship: /_rels/.rels
[DEBUG] 2023-03-22 20:27:01.693 [main] POIXMLFactory - using default POIXMLDocumentPart for http://schemas.openxmlformats.org/officeDocument/2006/relationships/printerSettings
[DEBUG] 2023-03-22 20:27:01.710 [main] PackageRelationshipCollection - Parsing relationship: /xl/_rels/workbook.xml.rels
[DEBUG] 2023-03-22 20:27:01.711 [main] PackageRelationshipCollection - Parsing relationship: /xl/worksheets/_rels/sheet1.xml.rels
[DEBUG] 2023-03-22 20:27:01.712 [main] PackageRelationshipCollection - Parsing relationship: /xl/worksheets/_rels/sheet2.xml.rels
[DEBUG] 2023-03-22 20:27:01.714 [main] PackageRelationshipCollection - Parsing relationship: /_rels/.rels
[DEBUG] 2023-03-22 20:27:01.725 [main] POIXMLFactory - using default POIXMLDocumentPart for http://schemas.openxmlformats.org/officeDocument/2006/relationships/printerSettings
[DEBUG] 2023-03-22 20:27:01.742 [main] PackageRelationshipCollection - Parsing relationship: /xl/_rels/workbook.xml.rels
[DEBUG] 2023-03-22 20:27:01.743 [main] PackageRelationshipCollection - Parsing relationship: /xl/worksheets/_rels/sheet1.xml.rels
[DEBUG] 2023-03-22 20:27:01.744 [main] PackageRelationshipCollection - Parsing relationship: /xl/worksheets/_rels/sheet2.xml.rels
[DEBUG] 2023-03-22 20:27:01.745 [main] PackageRelationshipCollection - Parsing relationship: /_rels/.rels
[DEBUG] 2023-03-22 20:27:01.761 [main] POIXMLFactory - using default POIXMLDocumentPart for http://schemas.openxmlformats.org/officeDocument/2006/relationships/printerSettings
[DEBUG] 2023-03-22 20:27:01.781 [main] PackageRelationshipCollection - Parsing relationship: /xl/_rels/workbook.xml.rels
[DEBUG] 2023-03-22 20:27:01.782 [main] PackageRelationshipCollection - Parsing relationship: /xl/worksheets/_rels/sheet1.xml.rels
[DEBUG] 2023-03-22 20:27:01.783 [main] PackageRelationshipCollection - Parsing relationship: /xl/worksheets/_rels/sheet2.xml.rels
[DEBUG] 2023-03-22 20:27:01.785 [main] PackageRelationshipCollection - Parsing relationship: /_rels/.rels
[DEBUG] 2023-03-22 20:27:01.797 [main] POIXMLFactory - using default POIXMLDocumentPart for http://schemas.openxmlformats.org/officeDocument/2006/relationships/printerSettings
[DEBUG] 2023-03-22 20:27:01.817 [main] PackageRelationshipCollection - Parsing relationship: /xl/_rels/workbook.xml.rels
[DEBUG] 2023-03-22 20:27:01.818 [main] PackageRelationshipCollection - Parsing relationship: /xl/worksheets/_rels/sheet1.xml.rels
[DEBUG] 2023-03-22 20:27:01.819 [main] PackageRelationshipCollection - Parsing relationship: /xl/worksheets/_rels/sheet2.xml.rels
[DEBUG] 2023-03-22 20:27:01.820 [main] PackageRelationshipCollection - Parsing relationship: /_rels/.rels
[DEBUG] 2023-03-22 20:27:01.830 [main] POIXMLFactory - using default POIXMLDocumentPart for http://schemas.openxmlformats.org/officeDocument/2006/relationships/printerSettings
[DEBUG] 2023-03-22 20:27:01.850 [main] PackageRelationshipCollection - Parsing relationship: /xl/_rels/workbook.xml.rels
[DEBUG] 2023-03-22 20:27:01.851 [main] PackageRelationshipCollection - Parsing relationship: /xl/worksheets/_rels/sheet1.xml.rels
[DEBUG] 2023-03-22 20:27:01.852 [main] PackageRelationshipCollection - Parsing relationship: /xl/worksheets/_rels/sheet2.xml.rels
[DEBUG] 2023-03-22 20:27:01.853 [main] PackageRelationshipCollection - Parsing relationship: /_rels/.rels
[DEBUG] 2023-03-22 20:27:01.864 [main] POIXMLFactory - using default POIXMLDocumentPart for http://schemas.openxmlformats.org/officeDocument/2006/relationships/printerSettings
[DEBUG] 2023-03-22 20:27:01.881 [main] PackageRelationshipCollection - Parsing relationship: /xl/_rels/workbook.xml.rels
[DEBUG] 2023-03-22 20:27:01.883 [main] PackageRelationshipCollection - Parsing relationship: /xl/worksheets/_rels/sheet1.xml.rels
[DEBUG] 2023-03-22 20:27:01.884 [main] PackageRelationshipCollection - Parsing relationship: /xl/worksheets/_rels/sheet2.xml.rels
[DEBUG] 2023-03-22 20:27:01.886 [main] PackageRelationshipCollection - Parsing relationship: /_rels/.rels
[DEBUG] 2023-03-22 20:27:01.897 [main] POIXMLFactory - using default POIXMLDocumentPart for http://schemas.openxmlformats.org/officeDocument/2006/relationships/printerSettings
[DEBUG] 2023-03-22 20:27:01.911 [main] PackageRelationshipCollection - Parsing relationship: /xl/_rels/workbook.xml.rels
[DEBUG] 2023-03-22 20:27:01.913 [main] PackageRelationshipCollection - Parsing relationship: /xl/worksheets/_rels/sheet1.xml.rels
[DEBUG] 2023-03-22 20:27:01.914 [main] PackageRelationshipCollection - Parsing relationship: /xl/worksheets/_rels/sheet2.xml.rels
[DEBUG] 2023-03-22 20:27:01.915 [main] PackageRelationshipCollection - Parsing relationship: /_rels/.rels
[DEBUG] 2023-03-22 20:27:01.925 [main] POIXMLFactory - using default POIXMLDocumentPart for http://schemas.openxmlformats.org/officeDocument/2006/relationships/printerSettings
[DEBUG] 2023-03-22 20:27:01.941 [main] PackageRelationshipCollection - Parsing relationship: /xl/_rels/workbook.xml.rels
[DEBUG] 2023-03-22 20:27:01.942 [main] PackageRelationshipCollection - Parsing relationship: /xl/worksheets/_rels/sheet1.xml.rels
[DEBUG] 2023-03-22 20:27:01.943 [main] PackageRelationshipCollection - Parsing relationship: /xl/worksheets/_rels/sheet2.xml.rels
[DEBUG] 2023-03-22 20:27:01.944 [main] PackageRelationshipCollection - Parsing relationship: /_rels/.rels
[DEBUG] 2023-03-22 20:27:01.955 [main] POIXMLFactory - using default POIXMLDocumentPart for http://schemas.openxmlformats.org/officeDocument/2006/relationships/printerSettings
[DEBUG] 2023-03-22 20:27:01.971 [main] PackageRelationshipCollection - Parsing relationship: /xl/_rels/workbook.xml.rels
[DEBUG] 2023-03-22 20:27:01.972 [main] PackageRelationshipCollection - Parsing relationship: /xl/worksheets/_rels/sheet1.xml.rels
[DEBUG] 2023-03-22 20:27:01.974 [main] PackageRelationshipCollection - Parsing relationship: /xl/worksheets/_rels/sheet2.xml.rels
[DEBUG] 2023-03-22 20:27:01.975 [main] PackageRelationshipCollection - Parsing relationship: /_rels/.rels
[DEBUG] 2023-03-22 20:27:01.984 [main] POIXMLFactory - using default POIXMLDocumentPart for http://schemas.openxmlformats.org/officeDocument/2006/relationships/printerSettings
[DEBUG] 2023-03-22 20:27:08.633 [main] PackageRelationshipCollection - Parsing relationship: /xl/_rels/workbook.xml.rels
[DEBUG] 2023-03-22 20:27:08.635 [main] PackageRelationshipCollection - Parsing relationship: /xl/worksheets/_rels/sheet1.xml.rels
[DEBUG] 2023-03-22 20:27:08.636 [main] PackageRelationshipCollection - Parsing relationship: /xl/worksheets/_rels/sheet2.xml.rels
[DEBUG] 2023-03-22 20:27:08.638 [main] PackageRelationshipCollection - Parsing relationship: /_rels/.rels
[DEBUG] 2023-03-22 20:27:08.654 [main] POIXMLFactory - using default POIXMLDocumentPart for http://schemas.openxmlformats.org/officeDocument/2006/relationships/printerSettings
[DEBUG] 2023-03-22 20:27:08.676 [main] PackageRelationshipCollection - Parsing relationship: /xl/_rels/workbook.xml.rels
[DEBUG] 2023-03-22 20:27:08.677 [main] PackageRelationshipCollection - Parsing relationship: /xl/worksheets/_rels/sheet1.xml.rels
[DEBUG] 2023-03-22 20:27:08.680 [main] PackageRelationshipCollection - Parsing relationship: /xl/worksheets/_rels/sheet2.xml.rels
[DEBUG] 2023-03-22 20:27:08.681 [main] PackageRelationshipCollection - Parsing relationship: /_rels/.rels
[DEBUG] 2023-03-22 20:27:08.693 [main] POIXMLFactory - using default POIXMLDocumentPart for http://schemas.openxmlformats.org/officeDocument/2006/relationships/printerSettings
[DEBUG] 2023-03-22 20:27:08.711 [main] PackageRelationshipCollection - Parsing relationship: /xl/_rels/workbook.xml.rels
[DEBUG] 2023-03-22 20:27:08.713 [main] PackageRelationshipCollection - Parsing relationship: /xl/worksheets/_rels/sheet1.xml.rels
[DEBUG] 2023-03-22 20:27:08.715 [main] PackageRelationshipCollection - Parsing relationship: /xl/worksheets/_rels/sheet2.xml.rels
[DEBUG] 2023-03-22 20:27:08.717 [main] PackageRelationshipCollection - Parsing relationship: /_rels/.rels
[DEBUG] 2023-03-22 20:27:08.728 [main] POIXMLFactory - using default POIXMLDocumentPart for http://schemas.openxmlformats.org/officeDocument/2006/relationships/printerSettings
[DEBUG] 2023-03-22 20:27:08.746 [main] PackageRelationshipCollection - Parsing relationship: /xl/_rels/workbook.xml.rels
[DEBUG] 2023-03-22 20:27:08.748 [main] PackageRelationshipCollection - Parsing relationship: /xl/worksheets/_rels/sheet1.xml.rels
[DEBUG] 2023-03-22 20:27:08.749 [main] PackageRelationshipCollection - Parsing relationship: /xl/worksheets/_rels/sheet2.xml.rels
[DEBUG] 2023-03-22 20:27:08.750 [main] PackageRelationshipCollection - Parsing relationship: /_rels/.rels
[DEBUG] 2023-03-22 20:27:08.761 [main] POIXMLFactory - using default POIXMLDocumentPart for http://schemas.openxmlformats.org/officeDocument/2006/relationships/printerSettings
[INFO ] 2023-03-22 20:27:12.837 [main] UserTests - ********** creating user **************
[INFO ] 2023-03-22 20:27:14.050 [main] UserTests - ********** user is created **************
[INFO ] 2023-03-22 20:27:14.052 [main] UserTests - ********** Reading user info **************
[INFO ] 2023-03-22 20:27:15.313 [main] UserTests - ********** user info is displayed **************
[INFO ] 2023-03-22 20:27:15.319 [main] UserTests - ********** cupdating the user **************
[INFO ] 2023-03-22 20:27:17.729 [main] UserTests - ********** user is updated **************
[INFO ] 2023-03-22 20:27:17.731 [main] UserTests - ********** deleting user **************
[INFO ] 2023-03-22 20:27:18.951 [main] UserTests - **********user deleted **************
[INFO ] 2023-03-22 20:27:19.055 [main] UserTests2 - ********** creating user **************
[INFO ] 2023-03-22 20:27:20.380 [main] UserTests2 - ********** user is created **************
[INFO ] 2023-03-22 20:27:20.382 [main] UserTests2 - ********** Reading user info **************
[INFO ] 2023-03-22 20:27:21.499 [main] UserTests2 - ********** user info is displayed **************
[INFO ] 2023-03-22 20:27:21.503 [main] UserTests2 - ********** cupdating the user **************
[INFO ] 2023-03-22 20:27:23.880 [main] UserTests2 - ********** user is updated **************
[INFO ] 2023-03-22 20:27:23.882 [main] UserTests2 - ********** deleting user **************
[INFO ] 2023-03-22 20:27:25.179 [main] UserTests2 - **********user deleted **************
