[INFO ] 2023-03-18 11:16:19.514 [main] UserTests - ********** creating user **************
[INFO ] 2023-03-18 11:16:23.601 [main] UserTests - ********** user is created **************
[INFO ] 2023-03-18 11:16:23.631 [main] UserTests - ********** Reading user info **************
[INFO ] 2023-03-18 11:16:24.874 [main] UserTests - ********** user info is displayed **************
[INFO ] 2023-03-18 11:16:24.881 [main] UserTests - ********** cupdating the user **************
[INFO ] 2023-03-18 11:16:27.246 [main] UserTests - ********** user is updated **************
[INFO ] 2023-03-18 11:16:27.252 [main] UserTests - ********** deleting user **************
[INFO ] 2023-03-18 11:16:28.405 [main] UserTests - **********user deleted **************
[INFO ] 2023-03-18 11:17:29.593 [main] UserTests - ********** creating user **************
[INFO ] 2023-03-18 11:17:33.824 [main] UserTests - ********** user is created **************
[INFO ] 2023-03-18 11:17:33.860 [main] UserTests - ********** Reading user info **************
[INFO ] 2023-03-18 11:17:35.148 [main] UserTests - ********** user info is displayed **************
[INFO ] 2023-03-18 11:17:35.172 [main] UserTests - ********** cupdating the user **************
[INFO ] 2023-03-18 11:17:37.521 [main] UserTests - ********** user is updated **************
[INFO ] 2023-03-18 11:17:37.536 [main] UserTests - ********** deleting user **************
[INFO ] 2023-03-18 11:17:38.826 [main] UserTests - **********user deleted **************
[INFO ] 2023-03-18 11:20:48.724 [main] UserTests - ********** creating user **************
[INFO ] 2023-03-18 11:20:52.597 [main] UserTests - ********** user is created **************
[INFO ] 2023-03-18 11:20:52.622 [main] UserTests - ********** Reading user info **************
[INFO ] 2023-03-18 11:20:53.974 [main] UserTests - ********** user info is displayed **************
[INFO ] 2023-03-18 11:20:53.987 [main] UserTests - ********** cupdating the user **************
[INFO ] 2023-03-18 11:20:56.486 [main] UserTests - ********** user is updated **************
[INFO ] 2023-03-18 11:20:56.500 [main] UserTests - ********** deleting user **************
[INFO ] 2023-03-18 11:20:57.683 [main] UserTests - **********user deleted **************
[DEBUG] 2023-03-18 11:23:13.791 [main] PackageRelationshipCollection - Parsing relationship: /xl/_rels/workbook.xml.rels
[DEBUG] 2023-03-18 11:23:13.799 [main] PackageRelationshipCollection - Parsing relationship: /xl/worksheets/_rels/sheet1.xml.rels
[DEBUG] 2023-03-18 11:23:13.802 [main] PackageRelationshipCollection - Parsing relationship: /xl/worksheets/_rels/sheet2.xml.rels
[DEBUG] 2023-03-18 11:23:13.805 [main] PackageRelationshipCollection - Parsing relationship: /_rels/.rels
[DEBUG] 2023-03-18 11:23:14.397 [main] POIXMLFactory - using default POIXMLDocumentPart for http://schemas.openxmlformats.org/officeDocument/2006/relationships/printerSettings
[DEBUG] 2023-03-18 11:23:14.546 [main] PackageRelationshipCollection - Parsing relationship: /xl/_rels/workbook.xml.rels
[DEBUG] 2023-03-18 11:23:14.549 [main] PackageRelationshipCollection - Parsing relationship: /xl/worksheets/_rels/sheet1.xml.rels
[DEBUG] 2023-03-18 11:23:14.552 [main] PackageRelationshipCollection - Parsing relationship: /xl/worksheets/_rels/sheet2.xml.rels
[DEBUG] 2023-03-18 11:23:14.554 [main] PackageRelationshipCollection - Parsing relationship: /_rels/.rels
[DEBUG] 2023-03-18 11:23:14.580 [main] POIXMLFactory - using default POIXMLDocumentPart for http://schemas.openxmlformats.org/officeDocument/2006/relationships/printerSettings
[DEBUG] 2023-03-18 11:23:14.617 [main] PackageRelationshipCollection - Parsing relationship: /xl/_rels/workbook.xml.rels
[DEBUG] 2023-03-18 11:23:14.619 [main] PackageRelationshipCollection - Parsing relationship: /xl/worksheets/_rels/sheet1.xml.rels
[DEBUG] 2023-03-18 11:23:14.621 [main] PackageRelationshipCollection - Parsing relationship: /xl/worksheets/_rels/sheet2.xml.rels
[DEBUG] 2023-03-18 11:23:14.623 [main] PackageRelationshipCollection - Parsing relationship: /_rels/.rels
[DEBUG] 2023-03-18 11:23:14.647 [main] POIXMLFactory - using default POIXMLDocumentPart for http://schemas.openxmlformats.org/officeDocument/2006/relationships/printerSettings
[DEBUG] 2023-03-18 11:23:14.715 [main] PackageRelationshipCollection - Parsing relationship: /xl/_rels/workbook.xml.rels
[DEBUG] 2023-03-18 11:23:14.717 [main] PackageRelationshipCollection - Parsing relationship: /xl/worksheets/_rels/sheet1.xml.rels
[DEBUG] 2023-03-18 11:23:14.719 [main] PackageRelationshipCollection - Parsing relationship: /xl/worksheets/_rels/sheet2.xml.rels
[DEBUG] 2023-03-18 11:23:14.721 [main] PackageRelationshipCollection - Parsing relationship: /_rels/.rels
[DEBUG] 2023-03-18 11:23:14.743 [main] POIXMLFactory - using default POIXMLDocumentPart for http://schemas.openxmlformats.org/officeDocument/2006/relationships/printerSettings
[DEBUG] 2023-03-18 11:23:14.778 [main] PackageRelationshipCollection - Parsing relationship: /xl/_rels/workbook.xml.rels
[DEBUG] 2023-03-18 11:23:14.779 [main] PackageRelationshipCollection - Parsing relationship: /xl/worksheets/_rels/sheet1.xml.rels
[DEBUG] 2023-03-18 11:23:14.781 [main] PackageRelationshipCollection - Parsing relationship: /xl/worksheets/_rels/sheet2.xml.rels
[DEBUG] 2023-03-18 11:23:14.782 [main] PackageRelationshipCollection - Parsing relationship: /_rels/.rels
[DEBUG] 2023-03-18 11:23:14.800 [main] POIXMLFactory - using default POIXMLDocumentPart for http://schemas.openxmlformats.org/officeDocument/2006/relationships/printerSettings
[DEBUG] 2023-03-18 11:23:14.825 [main] PackageRelationshipCollection - Parsing relationship: /xl/_rels/workbook.xml.rels
[DEBUG] 2023-03-18 11:23:14.827 [main] PackageRelationshipCollection - Parsing relationship: /xl/worksheets/_rels/sheet1.xml.rels
[DEBUG] 2023-03-18 11:23:14.829 [main] PackageRelationshipCollection - Parsing relationship: /xl/worksheets/_rels/sheet2.xml.rels
[DEBUG] 2023-03-18 11:23:14.831 [main] PackageRelationshipCollection - Parsing relationship: /_rels/.rels
[DEBUG] 2023-03-18 11:23:14.851 [main] POIXMLFactory - using default POIXMLDocumentPart for http://schemas.openxmlformats.org/officeDocument/2006/relationships/printerSettings
[DEBUG] 2023-03-18 11:23:14.876 [main] PackageRelationshipCollection - Parsing relationship: /xl/_rels/workbook.xml.rels
[DEBUG] 2023-03-18 11:23:14.877 [main] PackageRelationshipCollection - Parsing relationship: /xl/worksheets/_rels/sheet1.xml.rels
[DEBUG] 2023-03-18 11:23:14.879 [main] PackageRelationshipCollection - Parsing relationship: /xl/worksheets/_rels/sheet2.xml.rels
[DEBUG] 2023-03-18 11:23:14.880 [main] PackageRelationshipCollection - Parsing relationship: /_rels/.rels
[DEBUG] 2023-03-18 11:23:14.895 [main] POIXMLFactory - using default POIXMLDocumentPart for http://schemas.openxmlformats.org/officeDocument/2006/relationships/printerSettings
[DEBUG] 2023-03-18 11:23:14.916 [main] PackageRelationshipCollection - Parsing relationship: /xl/_rels/workbook.xml.rels
[DEBUG] 2023-03-18 11:23:14.917 [main] PackageRelationshipCollection - Parsing relationship: /xl/worksheets/_rels/sheet1.xml.rels
[DEBUG] 2023-03-18 11:23:14.918 [main] PackageRelationshipCollection - Parsing relationship: /xl/worksheets/_rels/sheet2.xml.rels
[DEBUG] 2023-03-18 11:23:14.920 [main] PackageRelationshipCollection - Parsing relationship: /_rels/.rels
[DEBUG] 2023-03-18 11:23:14.933 [main] POIXMLFactory - using default POIXMLDocumentPart for http://schemas.openxmlformats.org/officeDocument/2006/relationships/printerSettings
[DEBUG] 2023-03-18 11:23:14.959 [main] PackageRelationshipCollection - Parsing relationship: /xl/_rels/workbook.xml.rels
[DEBUG] 2023-03-18 11:23:14.960 [main] PackageRelationshipCollection - Parsing relationship: /xl/worksheets/_rels/sheet1.xml.rels
[DEBUG] 2023-03-18 11:23:14.962 [main] PackageRelationshipCollection - Parsing relationship: /xl/worksheets/_rels/sheet2.xml.rels
[DEBUG] 2023-03-18 11:23:14.963 [main] PackageRelationshipCollection - Parsing relationship: /_rels/.rels
[DEBUG] 2023-03-18 11:23:14.976 [main] POIXMLFactory - using default POIXMLDocumentPart for http://schemas.openxmlformats.org/officeDocument/2006/relationships/printerSettings
[DEBUG] 2023-03-18 11:23:15.000 [main] PackageRelationshipCollection - Parsing relationship: /xl/_rels/workbook.xml.rels
[DEBUG] 2023-03-18 11:23:15.002 [main] PackageRelationshipCollection - Parsing relationship: /xl/worksheets/_rels/sheet1.xml.rels
[DEBUG] 2023-03-18 11:23:15.003 [main] PackageRelationshipCollection - Parsing relationship: /xl/worksheets/_rels/sheet2.xml.rels
[DEBUG] 2023-03-18 11:23:15.004 [main] PackageRelationshipCollection - Parsing relationship: /_rels/.rels
[DEBUG] 2023-03-18 11:23:15.017 [main] POIXMLFactory - using default POIXMLDocumentPart for http://schemas.openxmlformats.org/officeDocument/2006/relationships/printerSettings
[DEBUG] 2023-03-18 11:23:15.036 [main] PackageRelationshipCollection - Parsing relationship: /xl/_rels/workbook.xml.rels
[DEBUG] 2023-03-18 11:23:15.038 [main] PackageRelationshipCollection - Parsing relationship: /xl/worksheets/_rels/sheet1.xml.rels
[DEBUG] 2023-03-18 11:23:15.040 [main] PackageRelationshipCollection - Parsing relationship: /xl/worksheets/_rels/sheet2.xml.rels
[DEBUG] 2023-03-18 11:23:15.041 [main] PackageRelationshipCollection - Parsing relationship: /_rels/.rels
[DEBUG] 2023-03-18 11:23:15.056 [main] POIXMLFactory - using default POIXMLDocumentPart for http://schemas.openxmlformats.org/officeDocument/2006/relationships/printerSettings
[DEBUG] 2023-03-18 11:23:15.079 [main] PackageRelationshipCollection - Parsing relationship: /xl/_rels/workbook.xml.rels
[DEBUG] 2023-03-18 11:23:15.081 [main] PackageRelationshipCollection - Parsing relationship: /xl/worksheets/_rels/sheet1.xml.rels
[DEBUG] 2023-03-18 11:23:15.082 [main] PackageRelationshipCollection - Parsing relationship: /xl/worksheets/_rels/sheet2.xml.rels
[DEBUG] 2023-03-18 11:23:15.083 [main] PackageRelationshipCollection - Parsing relationship: /_rels/.rels
[DEBUG] 2023-03-18 11:23:15.096 [main] POIXMLFactory - using default POIXMLDocumentPart for http://schemas.openxmlformats.org/officeDocument/2006/relationships/printerSettings
[DEBUG] 2023-03-18 11:23:15.119 [main] PackageRelationshipCollection - Parsing relationship: /xl/_rels/workbook.xml.rels
[DEBUG] 2023-03-18 11:23:15.121 [main] PackageRelationshipCollection - Parsing relationship: /xl/worksheets/_rels/sheet1.xml.rels
[DEBUG] 2023-03-18 11:23:15.122 [main] PackageRelationshipCollection - Parsing relationship: /xl/worksheets/_rels/sheet2.xml.rels
[DEBUG] 2023-03-18 11:23:15.123 [main] PackageRelationshipCollection - Parsing relationship: /_rels/.rels
[DEBUG] 2023-03-18 11:23:15.138 [main] POIXMLFactory - using default POIXMLDocumentPart for http://schemas.openxmlformats.org/officeDocument/2006/relationships/printerSettings
[DEBUG] 2023-03-18 11:23:15.159 [main] PackageRelationshipCollection - Parsing relationship: /xl/_rels/workbook.xml.rels
[DEBUG] 2023-03-18 11:23:15.161 [main] PackageRelationshipCollection - Parsing relationship: /xl/worksheets/_rels/sheet1.xml.rels
[DEBUG] 2023-03-18 11:23:15.162 [main] PackageRelationshipCollection - Parsing relationship: /xl/worksheets/_rels/sheet2.xml.rels
[DEBUG] 2023-03-18 11:23:15.163 [main] PackageRelationshipCollection - Parsing relationship: /_rels/.rels
[DEBUG] 2023-03-18 11:23:15.174 [main] POIXMLFactory - using default POIXMLDocumentPart for http://schemas.openxmlformats.org/officeDocument/2006/relationships/printerSettings
[DEBUG] 2023-03-18 11:23:15.194 [main] PackageRelationshipCollection - Parsing relationship: /xl/_rels/workbook.xml.rels
[DEBUG] 2023-03-18 11:23:15.195 [main] PackageRelationshipCollection - Parsing relationship: /xl/worksheets/_rels/sheet1.xml.rels
[DEBUG] 2023-03-18 11:23:15.197 [main] PackageRelationshipCollection - Parsing relationship: /xl/worksheets/_rels/sheet2.xml.rels
[DEBUG] 2023-03-18 11:23:15.198 [main] PackageRelationshipCollection - Parsing relationship: /_rels/.rels
[DEBUG] 2023-03-18 11:23:15.210 [main] POIXMLFactory - using default POIXMLDocumentPart for http://schemas.openxmlformats.org/officeDocument/2006/relationships/printerSettings
[DEBUG] 2023-03-18 11:23:15.232 [main] PackageRelationshipCollection - Parsing relationship: /xl/_rels/workbook.xml.rels
[DEBUG] 2023-03-18 11:23:15.234 [main] PackageRelationshipCollection - Parsing relationship: /xl/worksheets/_rels/sheet1.xml.rels
[DEBUG] 2023-03-18 11:23:15.235 [main] PackageRelationshipCollection - Parsing relationship: /xl/worksheets/_rels/sheet2.xml.rels
[DEBUG] 2023-03-18 11:23:15.236 [main] PackageRelationshipCollection - Parsing relationship: /_rels/.rels
[DEBUG] 2023-03-18 11:23:15.253 [main] POIXMLFactory - using default POIXMLDocumentPart for http://schemas.openxmlformats.org/officeDocument/2006/relationships/printerSettings
[DEBUG] 2023-03-18 11:23:15.275 [main] PackageRelationshipCollection - Parsing relationship: /xl/_rels/workbook.xml.rels
[DEBUG] 2023-03-18 11:23:15.276 [main] PackageRelationshipCollection - Parsing relationship: /xl/worksheets/_rels/sheet1.xml.rels
[DEBUG] 2023-03-18 11:23:15.277 [main] PackageRelationshipCollection - Parsing relationship: /xl/worksheets/_rels/sheet2.xml.rels
[DEBUG] 2023-03-18 11:23:15.278 [main] PackageRelationshipCollection - Parsing relationship: /_rels/.rels
[DEBUG] 2023-03-18 11:23:15.291 [main] POIXMLFactory - using default POIXMLDocumentPart for http://schemas.openxmlformats.org/officeDocument/2006/relationships/printerSettings
[DEBUG] 2023-03-18 11:23:15.310 [main] PackageRelationshipCollection - Parsing relationship: /xl/_rels/workbook.xml.rels
[DEBUG] 2023-03-18 11:23:15.311 [main] PackageRelationshipCollection - Parsing relationship: /xl/worksheets/_rels/sheet1.xml.rels
[DEBUG] 2023-03-18 11:23:15.312 [main] PackageRelationshipCollection - Parsing relationship: /xl/worksheets/_rels/sheet2.xml.rels
[DEBUG] 2023-03-18 11:23:15.313 [main] PackageRelationshipCollection - Parsing relationship: /_rels/.rels
[DEBUG] 2023-03-18 11:23:15.325 [main] POIXMLFactory - using default POIXMLDocumentPart for http://schemas.openxmlformats.org/officeDocument/2006/relationships/printerSettings
[DEBUG] 2023-03-18 11:23:15.343 [main] PackageRelationshipCollection - Parsing relationship: /xl/_rels/workbook.xml.rels
[DEBUG] 2023-03-18 11:23:15.344 [main] PackageRelationshipCollection - Parsing relationship: /xl/worksheets/_rels/sheet1.xml.rels
[DEBUG] 2023-03-18 11:23:15.345 [main] PackageRelationshipCollection - Parsing relationship: /xl/worksheets/_rels/sheet2.xml.rels
[DEBUG] 2023-03-18 11:23:15.346 [main] PackageRelationshipCollection - Parsing relationship: /_rels/.rels
[DEBUG] 2023-03-18 11:23:15.357 [main] POIXMLFactory - using default POIXMLDocumentPart for http://schemas.openxmlformats.org/officeDocument/2006/relationships/printerSettings
[DEBUG] 2023-03-18 11:23:15.374 [main] PackageRelationshipCollection - Parsing relationship: /xl/_rels/workbook.xml.rels
[DEBUG] 2023-03-18 11:23:15.377 [main] PackageRelationshipCollection - Parsing relationship: /xl/worksheets/_rels/sheet1.xml.rels
[DEBUG] 2023-03-18 11:23:15.378 [main] PackageRelationshipCollection - Parsing relationship: /xl/worksheets/_rels/sheet2.xml.rels
[DEBUG] 2023-03-18 11:23:15.379 [main] PackageRelationshipCollection - Parsing relationship: /_rels/.rels
[DEBUG] 2023-03-18 11:23:15.390 [main] POIXMLFactory - using default POIXMLDocumentPart for http://schemas.openxmlformats.org/officeDocument/2006/relationships/printerSettings
[DEBUG] 2023-03-18 11:23:15.405 [main] PackageRelationshipCollection - Parsing relationship: /xl/_rels/workbook.xml.rels
[DEBUG] 2023-03-18 11:23:15.406 [main] PackageRelationshipCollection - Parsing relationship: /xl/worksheets/_rels/sheet1.xml.rels
[DEBUG] 2023-03-18 11:23:15.408 [main] PackageRelationshipCollection - Parsing relationship: /xl/worksheets/_rels/sheet2.xml.rels
[DEBUG] 2023-03-18 11:23:15.409 [main] PackageRelationshipCollection - Parsing relationship: /_rels/.rels
[DEBUG] 2023-03-18 11:23:15.420 [main] POIXMLFactory - using default POIXMLDocumentPart for http://schemas.openxmlformats.org/officeDocument/2006/relationships/printerSettings
[DEBUG] 2023-03-18 11:23:15.438 [main] PackageRelationshipCollection - Parsing relationship: /xl/_rels/workbook.xml.rels
[DEBUG] 2023-03-18 11:23:15.439 [main] PackageRelationshipCollection - Parsing relationship: /xl/worksheets/_rels/sheet1.xml.rels
[DEBUG] 2023-03-18 11:23:15.441 [main] PackageRelationshipCollection - Parsing relationship: /xl/worksheets/_rels/sheet2.xml.rels
[DEBUG] 2023-03-18 11:23:15.442 [main] PackageRelationshipCollection - Parsing relationship: /_rels/.rels
[DEBUG] 2023-03-18 11:23:15.452 [main] POIXMLFactory - using default POIXMLDocumentPart for http://schemas.openxmlformats.org/officeDocument/2006/relationships/printerSettings
[DEBUG] 2023-03-18 11:23:15.470 [main] PackageRelationshipCollection - Parsing relationship: /xl/_rels/workbook.xml.rels
[DEBUG] 2023-03-18 11:23:15.473 [main] PackageRelationshipCollection - Parsing relationship: /xl/worksheets/_rels/sheet1.xml.rels
[DEBUG] 2023-03-18 11:23:15.475 [main] PackageRelationshipCollection - Parsing relationship: /xl/worksheets/_rels/sheet2.xml.rels
[DEBUG] 2023-03-18 11:23:15.477 [main] PackageRelationshipCollection - Parsing relationship: /_rels/.rels
[DEBUG] 2023-03-18 11:23:15.486 [main] POIXMLFactory - using default POIXMLDocumentPart for http://schemas.openxmlformats.org/officeDocument/2006/relationships/printerSettings
[DEBUG] 2023-03-18 11:23:21.941 [main] PackageRelationshipCollection - Parsing relationship: /xl/_rels/workbook.xml.rels
[DEBUG] 2023-03-18 11:23:21.942 [main] PackageRelationshipCollection - Parsing relationship: /xl/worksheets/_rels/sheet1.xml.rels
[DEBUG] 2023-03-18 11:23:21.944 [main] PackageRelationshipCollection - Parsing relationship: /xl/worksheets/_rels/sheet2.xml.rels
[DEBUG] 2023-03-18 11:23:21.945 [main] PackageRelationshipCollection - Parsing relationship: /_rels/.rels
[DEBUG] 2023-03-18 11:23:21.980 [main] POIXMLFactory - using default POIXMLDocumentPart for http://schemas.openxmlformats.org/officeDocument/2006/relationships/printerSettings
[DEBUG] 2023-03-18 11:23:22.005 [main] PackageRelationshipCollection - Parsing relationship: /xl/_rels/workbook.xml.rels
[DEBUG] 2023-03-18 11:23:22.006 [main] PackageRelationshipCollection - Parsing relationship: /xl/worksheets/_rels/sheet1.xml.rels
[DEBUG] 2023-03-18 11:23:22.010 [main] PackageRelationshipCollection - Parsing relationship: /xl/worksheets/_rels/sheet2.xml.rels
[DEBUG] 2023-03-18 11:23:22.012 [main] PackageRelationshipCollection - Parsing relationship: /_rels/.rels
[DEBUG] 2023-03-18 11:23:22.028 [main] POIXMLFactory - using default POIXMLDocumentPart for http://schemas.openxmlformats.org/officeDocument/2006/relationships/printerSettings
[DEBUG] 2023-03-18 11:23:22.047 [main] PackageRelationshipCollection - Parsing relationship: /xl/_rels/workbook.xml.rels
[DEBUG] 2023-03-18 11:23:22.049 [main] PackageRelationshipCollection - Parsing relationship: /xl/worksheets/_rels/sheet1.xml.rels
[DEBUG] 2023-03-18 11:23:22.050 [main] PackageRelationshipCollection - Parsing relationship: /xl/worksheets/_rels/sheet2.xml.rels
[DEBUG] 2023-03-18 11:23:22.052 [main] PackageRelationshipCollection - Parsing relationship: /_rels/.rels
[DEBUG] 2023-03-18 11:23:22.062 [main] POIXMLFactory - using default POIXMLDocumentPart for http://schemas.openxmlformats.org/officeDocument/2006/relationships/printerSettings
[DEBUG] 2023-03-18 11:23:22.088 [main] PackageRelationshipCollection - Parsing relationship: /xl/_rels/workbook.xml.rels
[DEBUG] 2023-03-18 11:23:22.090 [main] PackageRelationshipCollection - Parsing relationship: /xl/worksheets/_rels/sheet1.xml.rels
[DEBUG] 2023-03-18 11:23:22.091 [main] PackageRelationshipCollection - Parsing relationship: /xl/worksheets/_rels/sheet2.xml.rels
[DEBUG] 2023-03-18 11:23:22.093 [main] PackageRelationshipCollection - Parsing relationship: /_rels/.rels
[DEBUG] 2023-03-18 11:23:22.106 [main] POIXMLFactory - using default POIXMLDocumentPart for http://schemas.openxmlformats.org/officeDocument/2006/relationships/printerSettings
[INFO ] 2023-03-18 11:23:26.172 [main] UserTests - ********** creating user **************
[INFO ] 2023-03-18 11:23:27.366 [main] UserTests - ********** user is created **************
[INFO ] 2023-03-18 11:23:27.379 [main] UserTests - ********** Reading user info **************
[INFO ] 2023-03-18 11:23:28.630 [main] UserTests - ********** user info is displayed **************
[INFO ] 2023-03-18 11:23:28.641 [main] UserTests - ********** cupdating the user **************
[INFO ] 2023-03-18 11:23:30.998 [main] UserTests - ********** user is updated **************
[INFO ] 2023-03-18 11:23:31.009 [main] UserTests - ********** deleting user **************
[INFO ] 2023-03-18 11:23:32.354 [main] UserTests - **********user deleted **************
[DEBUG] 2023-03-18 11:28:06.622 [main] PackageRelationshipCollection - Parsing relationship: /xl/_rels/workbook.xml.rels
[DEBUG] 2023-03-18 11:28:06.630 [main] PackageRelationshipCollection - Parsing relationship: /xl/worksheets/_rels/sheet1.xml.rels
[DEBUG] 2023-03-18 11:28:06.633 [main] PackageRelationshipCollection - Parsing relationship: /xl/worksheets/_rels/sheet2.xml.rels
[DEBUG] 2023-03-18 11:28:06.635 [main] PackageRelationshipCollection - Parsing relationship: /_rels/.rels
[DEBUG] 2023-03-18 11:28:07.246 [main] POIXMLFactory - using default POIXMLDocumentPart for http://schemas.openxmlformats.org/officeDocument/2006/relationships/printerSettings
[DEBUG] 2023-03-18 11:28:07.403 [main] PackageRelationshipCollection - Parsing relationship: /xl/_rels/workbook.xml.rels
[DEBUG] 2023-03-18 11:28:07.404 [main] PackageRelationshipCollection - Parsing relationship: /xl/worksheets/_rels/sheet1.xml.rels
[DEBUG] 2023-03-18 11:28:07.406 [main] PackageRelationshipCollection - Parsing relationship: /xl/worksheets/_rels/sheet2.xml.rels
[DEBUG] 2023-03-18 11:28:07.409 [main] PackageRelationshipCollection - Parsing relationship: /_rels/.rels
[DEBUG] 2023-03-18 11:28:07.435 [main] POIXMLFactory - using default POIXMLDocumentPart for http://schemas.openxmlformats.org/officeDocument/2006/relationships/printerSettings
[DEBUG] 2023-03-18 11:28:07.467 [main] PackageRelationshipCollection - Parsing relationship: /xl/_rels/workbook.xml.rels
[DEBUG] 2023-03-18 11:28:07.469 [main] PackageRelationshipCollection - Parsing relationship: /xl/worksheets/_rels/sheet1.xml.rels
[DEBUG] 2023-03-18 11:28:07.470 [main] PackageRelationshipCollection - Parsing relationship: /xl/worksheets/_rels/sheet2.xml.rels
[DEBUG] 2023-03-18 11:28:07.472 [main] PackageRelationshipCollection - Parsing relationship: /_rels/.rels
[DEBUG] 2023-03-18 11:28:07.493 [main] POIXMLFactory - using default POIXMLDocumentPart for http://schemas.openxmlformats.org/officeDocument/2006/relationships/printerSettings
[DEBUG] 2023-03-18 11:28:07.556 [main] PackageRelationshipCollection - Parsing relationship: /xl/_rels/workbook.xml.rels
[DEBUG] 2023-03-18 11:28:07.558 [main] PackageRelationshipCollection - Parsing relationship: /xl/worksheets/_rels/sheet1.xml.rels
[DEBUG] 2023-03-18 11:28:07.559 [main] PackageRelationshipCollection - Parsing relationship: /xl/worksheets/_rels/sheet2.xml.rels
[DEBUG] 2023-03-18 11:28:07.561 [main] PackageRelationshipCollection - Parsing relationship: /_rels/.rels
[DEBUG] 2023-03-18 11:28:07.582 [main] POIXMLFactory - using default POIXMLDocumentPart for http://schemas.openxmlformats.org/officeDocument/2006/relationships/printerSettings
[DEBUG] 2023-03-18 11:28:07.615 [main] PackageRelationshipCollection - Parsing relationship: /xl/_rels/workbook.xml.rels
[DEBUG] 2023-03-18 11:28:07.616 [main] PackageRelationshipCollection - Parsing relationship: /xl/worksheets/_rels/sheet1.xml.rels
[DEBUG] 2023-03-18 11:28:07.618 [main] PackageRelationshipCollection - Parsing relationship: /xl/worksheets/_rels/sheet2.xml.rels
[DEBUG] 2023-03-18 11:28:07.620 [main] PackageRelationshipCollection - Parsing relationship: /_rels/.rels
[DEBUG] 2023-03-18 11:28:07.638 [main] POIXMLFactory - using default POIXMLDocumentPart for http://schemas.openxmlformats.org/officeDocument/2006/relationships/printerSettings
[DEBUG] 2023-03-18 11:28:07.662 [main] PackageRelationshipCollection - Parsing relationship: /xl/_rels/workbook.xml.rels
[DEBUG] 2023-03-18 11:28:07.667 [main] PackageRelationshipCollection - Parsing relationship: /xl/worksheets/_rels/sheet1.xml.rels
[DEBUG] 2023-03-18 11:28:07.669 [main] PackageRelationshipCollection - Parsing relationship: /xl/worksheets/_rels/sheet2.xml.rels
[DEBUG] 2023-03-18 11:28:07.672 [main] PackageRelationshipCollection - Parsing relationship: /_rels/.rels
[DEBUG] 2023-03-18 11:28:07.691 [main] POIXMLFactory - using default POIXMLDocumentPart for http://schemas.openxmlformats.org/officeDocument/2006/relationships/printerSettings
[DEBUG] 2023-03-18 11:28:07.720 [main] PackageRelationshipCollection - Parsing relationship: /xl/_rels/workbook.xml.rels
[DEBUG] 2023-03-18 11:28:07.721 [main] PackageRelationshipCollection - Parsing relationship: /xl/worksheets/_rels/sheet1.xml.rels
[DEBUG] 2023-03-18 11:28:07.723 [main] PackageRelationshipCollection - Parsing relationship: /xl/worksheets/_rels/sheet2.xml.rels
[DEBUG] 2023-03-18 11:28:07.724 [main] PackageRelationshipCollection - Parsing relationship: /_rels/.rels
[DEBUG] 2023-03-18 11:28:07.741 [main] POIXMLFactory - using default POIXMLDocumentPart for http://schemas.openxmlformats.org/officeDocument/2006/relationships/printerSettings
[DEBUG] 2023-03-18 11:28:07.771 [main] PackageRelationshipCollection - Parsing relationship: /xl/_rels/workbook.xml.rels
[DEBUG] 2023-03-18 11:28:07.772 [main] PackageRelationshipCollection - Parsing relationship: /xl/worksheets/_rels/sheet1.xml.rels
[DEBUG] 2023-03-18 11:28:07.774 [main] PackageRelationshipCollection - Parsing relationship: /xl/worksheets/_rels/sheet2.xml.rels
[DEBUG] 2023-03-18 11:28:07.775 [main] PackageRelationshipCollection - Parsing relationship: /_rels/.rels
[DEBUG] 2023-03-18 11:28:07.790 [main] POIXMLFactory - using default POIXMLDocumentPart for http://schemas.openxmlformats.org/officeDocument/2006/relationships/printerSettings
[DEBUG] 2023-03-18 11:28:07.816 [main] PackageRelationshipCollection - Parsing relationship: /xl/_rels/workbook.xml.rels
[DEBUG] 2023-03-18 11:28:07.818 [main] PackageRelationshipCollection - Parsing relationship: /xl/worksheets/_rels/sheet1.xml.rels
[DEBUG] 2023-03-18 11:28:07.819 [main] PackageRelationshipCollection - Parsing relationship: /xl/worksheets/_rels/sheet2.xml.rels
[DEBUG] 2023-03-18 11:28:07.820 [main] PackageRelationshipCollection - Parsing relationship: /_rels/.rels
[DEBUG] 2023-03-18 11:28:07.835 [main] POIXMLFactory - using default POIXMLDocumentPart for http://schemas.openxmlformats.org/officeDocument/2006/relationships/printerSettings
[DEBUG] 2023-03-18 11:28:07.860 [main] PackageRelationshipCollection - Parsing relationship: /xl/_rels/workbook.xml.rels
[DEBUG] 2023-03-18 11:28:07.861 [main] PackageRelationshipCollection - Parsing relationship: /xl/worksheets/_rels/sheet1.xml.rels
[DEBUG] 2023-03-18 11:28:07.863 [main] PackageRelationshipCollection - Parsing relationship: /xl/worksheets/_rels/sheet2.xml.rels
[DEBUG] 2023-03-18 11:28:07.864 [main] PackageRelationshipCollection - Parsing relationship: /_rels/.rels
[DEBUG] 2023-03-18 11:28:07.878 [main] POIXMLFactory - using default POIXMLDocumentPart for http://schemas.openxmlformats.org/officeDocument/2006/relationships/printerSettings
[DEBUG] 2023-03-18 11:28:07.900 [main] PackageRelationshipCollection - Parsing relationship: /xl/_rels/workbook.xml.rels
[DEBUG] 2023-03-18 11:28:07.903 [main] PackageRelationshipCollection - Parsing relationship: /xl/worksheets/_rels/sheet1.xml.rels
[DEBUG] 2023-03-18 11:28:07.904 [main] PackageRelationshipCollection - Parsing relationship: /xl/worksheets/_rels/sheet2.xml.rels
[DEBUG] 2023-03-18 11:28:07.905 [main] PackageRelationshipCollection - Parsing relationship: /_rels/.rels
[DEBUG] 2023-03-18 11:28:07.919 [main] POIXMLFactory - using default POIXMLDocumentPart for http://schemas.openxmlformats.org/officeDocument/2006/relationships/printerSettings
[DEBUG] 2023-03-18 11:28:07.942 [main] PackageRelationshipCollection - Parsing relationship: /xl/_rels/workbook.xml.rels
[DEBUG] 2023-03-18 11:28:07.944 [main] PackageRelationshipCollection - Parsing relationship: /xl/worksheets/_rels/sheet1.xml.rels
[DEBUG] 2023-03-18 11:28:07.945 [main] PackageRelationshipCollection - Parsing relationship: /xl/worksheets/_rels/sheet2.xml.rels
[DEBUG] 2023-03-18 11:28:07.947 [main] PackageRelationshipCollection - Parsing relationship: /_rels/.rels
[DEBUG] 2023-03-18 11:28:07.960 [main] POIXMLFactory - using default POIXMLDocumentPart for http://schemas.openxmlformats.org/officeDocument/2006/relationships/printerSettings
[DEBUG] 2023-03-18 11:28:07.981 [main] PackageRelationshipCollection - Parsing relationship: /xl/_rels/workbook.xml.rels
[DEBUG] 2023-03-18 11:28:07.982 [main] PackageRelationshipCollection - Parsing relationship: /xl/worksheets/_rels/sheet1.xml.rels
[DEBUG] 2023-03-18 11:28:07.983 [main] PackageRelationshipCollection - Parsing relationship: /xl/worksheets/_rels/sheet2.xml.rels
[DEBUG] 2023-03-18 11:28:07.984 [main] PackageRelationshipCollection - Parsing relationship: /_rels/.rels
[DEBUG] 2023-03-18 11:28:07.998 [main] POIXMLFactory - using default POIXMLDocumentPart for http://schemas.openxmlformats.org/officeDocument/2006/relationships/printerSettings
[DEBUG] 2023-03-18 11:28:08.019 [main] PackageRelationshipCollection - Parsing relationship: /xl/_rels/workbook.xml.rels
[DEBUG] 2023-03-18 11:28:08.020 [main] PackageRelationshipCollection - Parsing relationship: /xl/worksheets/_rels/sheet1.xml.rels
[DEBUG] 2023-03-18 11:28:08.023 [main] PackageRelationshipCollection - Parsing relationship: /xl/worksheets/_rels/sheet2.xml.rels
[DEBUG] 2023-03-18 11:28:08.024 [main] PackageRelationshipCollection - Parsing relationship: /_rels/.rels
[DEBUG] 2023-03-18 11:28:08.039 [main] POIXMLFactory - using default POIXMLDocumentPart for http://schemas.openxmlformats.org/officeDocument/2006/relationships/printerSettings
[DEBUG] 2023-03-18 11:28:08.060 [main] PackageRelationshipCollection - Parsing relationship: /xl/_rels/workbook.xml.rels
[DEBUG] 2023-03-18 11:28:08.061 [main] PackageRelationshipCollection - Parsing relationship: /xl/worksheets/_rels/sheet1.xml.rels
[DEBUG] 2023-03-18 11:28:08.063 [main] PackageRelationshipCollection - Parsing relationship: /xl/worksheets/_rels/sheet2.xml.rels
[DEBUG] 2023-03-18 11:28:08.064 [main] PackageRelationshipCollection - Parsing relationship: /_rels/.rels
[DEBUG] 2023-03-18 11:28:08.077 [main] POIXMLFactory - using default POIXMLDocumentPart for http://schemas.openxmlformats.org/officeDocument/2006/relationships/printerSettings
[DEBUG] 2023-03-18 11:28:08.096 [main] PackageRelationshipCollection - Parsing relationship: /xl/_rels/workbook.xml.rels
[DEBUG] 2023-03-18 11:28:08.097 [main] PackageRelationshipCollection - Parsing relationship: /xl/worksheets/_rels/sheet1.xml.rels
[DEBUG] 2023-03-18 11:28:08.098 [main] PackageRelationshipCollection - Parsing relationship: /xl/worksheets/_rels/sheet2.xml.rels
[DEBUG] 2023-03-18 11:28:08.099 [main] PackageRelationshipCollection - Parsing relationship: /_rels/.rels
[DEBUG] 2023-03-18 11:28:08.115 [main] POIXMLFactory - using default POIXMLDocumentPart for http://schemas.openxmlformats.org/officeDocument/2006/relationships/printerSettings
[DEBUG] 2023-03-18 11:28:08.137 [main] PackageRelationshipCollection - Parsing relationship: /xl/_rels/workbook.xml.rels
[DEBUG] 2023-03-18 11:28:08.138 [main] PackageRelationshipCollection - Parsing relationship: /xl/worksheets/_rels/sheet1.xml.rels
[DEBUG] 2023-03-18 11:28:08.139 [main] PackageRelationshipCollection - Parsing relationship: /xl/worksheets/_rels/sheet2.xml.rels
[DEBUG] 2023-03-18 11:28:08.140 [main] PackageRelationshipCollection - Parsing relationship: /_rels/.rels
[DEBUG] 2023-03-18 11:28:08.152 [main] POIXMLFactory - using default POIXMLDocumentPart for http://schemas.openxmlformats.org/officeDocument/2006/relationships/printerSettings
[DEBUG] 2023-03-18 11:28:08.171 [main] PackageRelationshipCollection - Parsing relationship: /xl/_rels/workbook.xml.rels
[DEBUG] 2023-03-18 11:28:08.172 [main] PackageRelationshipCollection - Parsing relationship: /xl/worksheets/_rels/sheet1.xml.rels
[DEBUG] 2023-03-18 11:28:08.174 [main] PackageRelationshipCollection - Parsing relationship: /xl/worksheets/_rels/sheet2.xml.rels
[DEBUG] 2023-03-18 11:28:08.175 [main] PackageRelationshipCollection - Parsing relationship: /_rels/.rels
[DEBUG] 2023-03-18 11:28:08.187 [main] POIXMLFactory - using default POIXMLDocumentPart for http://schemas.openxmlformats.org/officeDocument/2006/relationships/printerSettings
[DEBUG] 2023-03-18 11:28:08.206 [main] PackageRelationshipCollection - Parsing relationship: /xl/_rels/workbook.xml.rels
[DEBUG] 2023-03-18 11:28:08.208 [main] PackageRelationshipCollection - Parsing relationship: /xl/worksheets/_rels/sheet1.xml.rels
[DEBUG] 2023-03-18 11:28:08.209 [main] PackageRelationshipCollection - Parsing relationship: /xl/worksheets/_rels/sheet2.xml.rels
[DEBUG] 2023-03-18 11:28:08.210 [main] PackageRelationshipCollection - Parsing relationship: /_rels/.rels
[DEBUG] 2023-03-18 11:28:08.222 [main] POIXMLFactory - using default POIXMLDocumentPart for http://schemas.openxmlformats.org/officeDocument/2006/relationships/printerSettings
[DEBUG] 2023-03-18 11:28:08.241 [main] PackageRelationshipCollection - Parsing relationship: /xl/_rels/workbook.xml.rels
[DEBUG] 2023-03-18 11:28:08.242 [main] PackageRelationshipCollection - Parsing relationship: /xl/worksheets/_rels/sheet1.xml.rels
[DEBUG] 2023-03-18 11:28:08.244 [main] PackageRelationshipCollection - Parsing relationship: /xl/worksheets/_rels/sheet2.xml.rels
[DEBUG] 2023-03-18 11:28:08.245 [main] PackageRelationshipCollection - Parsing relationship: /_rels/.rels
[DEBUG] 2023-03-18 11:28:08.255 [main] POIXMLFactory - using default POIXMLDocumentPart for http://schemas.openxmlformats.org/officeDocument/2006/relationships/printerSettings
[DEBUG] 2023-03-18 11:28:08.276 [main] PackageRelationshipCollection - Parsing relationship: /xl/_rels/workbook.xml.rels
[DEBUG] 2023-03-18 11:28:08.277 [main] PackageRelationshipCollection - Parsing relationship: /xl/worksheets/_rels/sheet1.xml.rels
[DEBUG] 2023-03-18 11:28:08.278 [main] PackageRelationshipCollection - Parsing relationship: /xl/worksheets/_rels/sheet2.xml.rels
[DEBUG] 2023-03-18 11:28:08.279 [main] PackageRelationshipCollection - Parsing relationship: /_rels/.rels
[DEBUG] 2023-03-18 11:28:08.291 [main] POIXMLFactory - using default POIXMLDocumentPart for http://schemas.openxmlformats.org/officeDocument/2006/relationships/printerSettings
[DEBUG] 2023-03-18 11:28:08.309 [main] PackageRelationshipCollection - Parsing relationship: /xl/_rels/workbook.xml.rels
[DEBUG] 2023-03-18 11:28:08.310 [main] PackageRelationshipCollection - Parsing relationship: /xl/worksheets/_rels/sheet1.xml.rels
[DEBUG] 2023-03-18 11:28:08.311 [main] PackageRelationshipCollection - Parsing relationship: /xl/worksheets/_rels/sheet2.xml.rels
[DEBUG] 2023-03-18 11:28:08.313 [main] PackageRelationshipCollection - Parsing relationship: /_rels/.rels
[DEBUG] 2023-03-18 11:28:08.322 [main] POIXMLFactory - using default POIXMLDocumentPart for http://schemas.openxmlformats.org/officeDocument/2006/relationships/printerSettings
[DEBUG] 2023-03-18 11:28:08.339 [main] PackageRelationshipCollection - Parsing relationship: /xl/_rels/workbook.xml.rels
[DEBUG] 2023-03-18 11:28:08.340 [main] PackageRelationshipCollection - Parsing relationship: /xl/worksheets/_rels/sheet1.xml.rels
[DEBUG] 2023-03-18 11:28:08.341 [main] PackageRelationshipCollection - Parsing relationship: /xl/worksheets/_rels/sheet2.xml.rels
[DEBUG] 2023-03-18 11:28:08.343 [main] PackageRelationshipCollection - Parsing relationship: /_rels/.rels
[DEBUG] 2023-03-18 11:28:08.352 [main] POIXMLFactory - using default POIXMLDocumentPart for http://schemas.openxmlformats.org/officeDocument/2006/relationships/printerSettings
[INFO ] 2023-03-18 11:28:08.404 [main] DataDrivenTests - ********** creating user **************
[INFO ] 2023-03-18 11:28:12.431 [main] DataDrivenTests - ********** user is created **************
[INFO ] 2023-03-18 11:28:12.461 [main] DataDrivenTests - ********** creating user **************
[INFO ] 2023-03-18 11:28:13.679 [main] DataDrivenTests - ********** user is created **************
[INFO ] 2023-03-18 11:28:13.689 [main] DataDrivenTests - ********** creating user **************
[INFO ] 2023-03-18 11:28:14.908 [main] DataDrivenTests - ********** user is created **************
[DEBUG] 2023-03-18 11:28:14.928 [main] PackageRelationshipCollection - Parsing relationship: /xl/_rels/workbook.xml.rels
[DEBUG] 2023-03-18 11:28:14.929 [main] PackageRelationshipCollection - Parsing relationship: /xl/worksheets/_rels/sheet1.xml.rels
[DEBUG] 2023-03-18 11:28:14.931 [main] PackageRelationshipCollection - Parsing relationship: /xl/worksheets/_rels/sheet2.xml.rels
[DEBUG] 2023-03-18 11:28:14.932 [main] PackageRelationshipCollection - Parsing relationship: /_rels/.rels
[DEBUG] 2023-03-18 11:28:14.950 [main] POIXMLFactory - using default POIXMLDocumentPart for http://schemas.openxmlformats.org/officeDocument/2006/relationships/printerSettings
[DEBUG] 2023-03-18 11:28:14.973 [main] PackageRelationshipCollection - Parsing relationship: /xl/_rels/workbook.xml.rels
[DEBUG] 2023-03-18 11:28:14.975 [main] PackageRelationshipCollection - Parsing relationship: /xl/worksheets/_rels/sheet1.xml.rels
[DEBUG] 2023-03-18 11:28:14.977 [main] PackageRelationshipCollection - Parsing relationship: /xl/worksheets/_rels/sheet2.xml.rels
[DEBUG] 2023-03-18 11:28:14.978 [main] PackageRelationshipCollection - Parsing relationship: /_rels/.rels
[DEBUG] 2023-03-18 11:28:14.991 [main] POIXMLFactory - using default POIXMLDocumentPart for http://schemas.openxmlformats.org/officeDocument/2006/relationships/printerSettings
[DEBUG] 2023-03-18 11:28:15.011 [main] PackageRelationshipCollection - Parsing relationship: /xl/_rels/workbook.xml.rels
[DEBUG] 2023-03-18 11:28:15.014 [main] PackageRelationshipCollection - Parsing relationship: /xl/worksheets/_rels/sheet1.xml.rels
[DEBUG] 2023-03-18 11:28:15.015 [main] PackageRelationshipCollection - Parsing relationship: /xl/worksheets/_rels/sheet2.xml.rels
[DEBUG] 2023-03-18 11:28:15.017 [main] PackageRelationshipCollection - Parsing relationship: /_rels/.rels
[DEBUG] 2023-03-18 11:28:15.027 [main] POIXMLFactory - using default POIXMLDocumentPart for http://schemas.openxmlformats.org/officeDocument/2006/relationships/printerSettings
[DEBUG] 2023-03-18 11:28:15.044 [main] PackageRelationshipCollection - Parsing relationship: /xl/_rels/workbook.xml.rels
[DEBUG] 2023-03-18 11:28:15.045 [main] PackageRelationshipCollection - Parsing relationship: /xl/worksheets/_rels/sheet1.xml.rels
[DEBUG] 2023-03-18 11:28:15.046 [main] PackageRelationshipCollection - Parsing relationship: /xl/worksheets/_rels/sheet2.xml.rels
[DEBUG] 2023-03-18 11:28:15.048 [main] PackageRelationshipCollection - Parsing relationship: /_rels/.rels
[DEBUG] 2023-03-18 11:28:15.058 [main] POIXMLFactory - using default POIXMLDocumentPart for http://schemas.openxmlformats.org/officeDocument/2006/relationships/printerSettings
[INFO ] 2023-03-18 11:28:15.072 [main] DataDrivenTests - ********** deleting user **************
[INFO ] 2023-03-18 11:28:16.296 [main] DataDrivenTests - **********user deleted **************
[INFO ] 2023-03-18 11:28:16.304 [main] DataDrivenTests - ********** deleting user **************
[INFO ] 2023-03-18 11:28:17.477 [main] DataDrivenTests - **********user deleted **************
[INFO ] 2023-03-18 11:28:17.483 [main] DataDrivenTests - ********** deleting user **************
[INFO ] 2023-03-18 11:28:18.665 [main] DataDrivenTests - **********user deleted **************
[INFO ] 2023-03-18 11:28:18.964 [main] UserTests - ********** creating user **************
[INFO ] 2023-03-18 11:28:20.159 [main] UserTests - ********** user is created **************
[INFO ] 2023-03-18 11:28:20.166 [main] UserTests - ********** Reading user info **************
[INFO ] 2023-03-18 11:28:21.387 [main] UserTests - ********** user info is displayed **************
[INFO ] 2023-03-18 11:28:21.406 [main] UserTests - ********** cupdating the user **************
[INFO ] 2023-03-18 11:28:23.778 [main] UserTests - ********** user is updated **************
[INFO ] 2023-03-18 11:28:23.784 [main] UserTests - ********** deleting user **************
[INFO ] 2023-03-18 11:28:24.986 [main] UserTests - **********user deleted **************
[INFO ] 2023-03-18 11:33:46.706 [main] UserTests - ********** creating user **************
[INFO ] 2023-03-18 11:33:51.050 [main] UserTests - ********** user is created **************
[INFO ] 2023-03-18 11:33:51.082 [main] UserTests - ********** Reading user info **************
[INFO ] 2023-03-18 11:33:52.296 [main] UserTests - ********** user info is displayed **************
[INFO ] 2023-03-18 11:33:52.307 [main] UserTests - ********** cupdating the user **************
[INFO ] 2023-03-18 11:33:54.783 [main] UserTests - ********** user is updated **************
[INFO ] 2023-03-18 11:33:54.794 [main] UserTests - ********** deleting user **************
[INFO ] 2023-03-18 11:33:56.019 [main] UserTests - **********user deleted **************
